SF:C:\Users\fabio.lonegro\Projects\MINE\business_rules_engine\src\Fabiolune.BusinessRulesEngine\BusinessRulesCompiler.cs
FN:32,System.Collections.Generic.IEnumerable`1<System.Func`2<T,Fabiolune.BusinessRulesEngine.Models.RuleApplicationResult>> Fabiolune.BusinessRulesEngine.BusinessRulesCompiler::CompileRules(System.Collections.Generic.IEnumerable`1<Fabiolune.BusinessRulesEngine.Models.Rule>)
FNDA:123,System.Collections.Generic.IEnumerable`1<System.Func`2<T,Fabiolune.BusinessRulesEngine.Models.RuleApplicationResult>> Fabiolune.BusinessRulesEngine.BusinessRulesCompiler::CompileRules(System.Collections.Generic.IEnumerable`1<Fabiolune.BusinessRulesEngine.Models.Rule>)
DA:33,123
DA:34,123
DA:35,258
DA:36,258
DA:37,123
BRDA:34,25,0,1
BRDA:34,25,1,123
FN:39,System.Func`2<T,Fabiolune.BusinessRulesEngine.Models.RuleApplicationResult> Fabiolune.BusinessRulesEngine.BusinessRulesCompiler::GenerateFunc(Fabiolune.BusinessRulesEngine.Models.ExpressionTypeCodeBinding)
FNDA:135,System.Func`2<T,Fabiolune.BusinessRulesEngine.Models.RuleApplicationResult> Fabiolune.BusinessRulesEngine.BusinessRulesCompiler::GenerateFunc(Fabiolune.BusinessRulesEngine.Models.ExpressionTypeCodeBinding)
DA:40,135
DA:41,135
DA:42,17
DA:44,118
DA:45,118
DA:46,118
DA:47,118
DA:48,118
DA:49,118
DA:50,118
DA:51,118
DA:52,118
DA:53,118
DA:55,118
DA:56,135
BRDA:41,2,0,17
BRDA:41,2,1,118
BRDA:41,18,0,17
BRDA:41,18,1,118
BRDA:44,38,0,9
BRDA:44,38,1,109
FN:58,Fabiolune.BusinessRulesEngine.Models.ExpressionTypeCodeBinding Fabiolune.BusinessRulesEngine.BusinessRulesCompiler::CompileDirectRule(Fabiolune.BusinessRulesEngine.Models.Rule)
FNDA:28,Fabiolune.BusinessRulesEngine.Models.ExpressionTypeCodeBinding Fabiolune.BusinessRulesEngine.BusinessRulesCompiler::CompileDirectRule(Fabiolune.BusinessRulesEngine.Models.Rule)
DA:59,28
DA:63,28
DA:65,28
DA:68,23
DA:69,23
DA:71,1
DA:72,1
DA:74,1
DA:75,1
DA:77,1
DA:78,1
DA:80,1
DA:81,1
DA:83,1
DA:84,1
DA:86,0
DA:87,0
DA:90,28
DA:91,28
DA:92,26
DA:94,26
DA:95,26
DA:96,26
DA:98,26
DA:99,26
DA:101,2
DA:102,2
DA:103,2
DA:104,2
DA:106,28
BRDA:65,18,1,23
BRDA:65,18,2,1
BRDA:65,18,3,1
BRDA:65,18,4,1
BRDA:65,18,5,1
BRDA:65,18,6,1
BRDA:65,18,0,0
BRDA:94,192,0,26
BRDA:94,192,1,0
FN:108,Fabiolune.BusinessRulesEngine.Models.ExpressionTypeCodeBinding Fabiolune.BusinessRulesEngine.BusinessRulesCompiler::CompileInternalDirectRule(Fabiolune.BusinessRulesEngine.Models.Rule)
FNDA:15,Fabiolune.BusinessRulesEngine.Models.ExpressionTypeCodeBinding Fabiolune.BusinessRulesEngine.BusinessRulesCompiler::CompileInternalDirectRule(Fabiolune.BusinessRulesEngine.Models.Rule)
DA:109,15
DA:112,15
DA:114,15
DA:117,4
DA:118,4
DA:120,3
DA:121,3
DA:123,2
DA:124,2
DA:126,2
DA:127,2
DA:129,2
DA:130,2
DA:132,2
DA:133,2
DA:135,0
DA:136,0
DA:139,15
DA:140,15
DA:141,15
DA:142,15
DA:144,15
DA:145,15
DA:146,15
DA:148,15
DA:149,6
DA:150,6
DA:151,6
DA:154,9
DA:155,9
DA:157,0
DA:158,0
DA:159,0
DA:160,0
DA:162,15
BRDA:114,19,1,4
BRDA:114,19,2,3
BRDA:114,19,3,2
BRDA:114,19,4,2
BRDA:114,19,5,2
BRDA:114,19,6,2
BRDA:114,19,0,0
BRDA:148,244,0,6
BRDA:148,244,1,9
FN:164,Fabiolune.BusinessRulesEngine.Models.ExpressionTypeCodeBinding Fabiolune.BusinessRulesEngine.BusinessRulesCompiler::CompileEnumerableRule(Fabiolune.BusinessRulesEngine.Models.Rule)
FNDA:40,Fabiolune.BusinessRulesEngine.Models.ExpressionTypeCodeBinding Fabiolune.BusinessRulesEngine.BusinessRulesCompiler::CompileEnumerableRule(Fabiolune.BusinessRulesEngine.Models.Rule)
DA:165,40
DA:167,40
DA:168,40
DA:170,40
DA:172,40
DA:174,40
DA:183,40
DA:186,24
DA:187,24
DA:188,24
DA:189,24
DA:190,24
DA:192,1
DA:193,1
DA:194,1
DA:195,1
DA:196,1
DA:198,8
DA:199,28
DA:200,8
DA:201,8
DA:203,6
DA:204,6
DA:205,6
DA:207,6
DA:208,6
DA:209,6
DA:210,6
DA:211,6
DA:212,6
DA:213,6
DA:215,6
DA:216,6
DA:218,7
DA:219,23
DA:220,7
DA:221,7
DA:223,5
DA:224,5
DA:225,5
DA:227,5
DA:228,5
DA:229,5
DA:230,5
DA:231,5
DA:232,5
DA:233,5
DA:235,5
DA:236,5
DA:238,0
DA:239,0
DA:242,36
DA:244,4
DA:245,4
DA:246,4
DA:247,4
DA:249,40
BRDA:174,71,0,39
BRDA:174,71,1,1
BRDA:183,113,1,24
BRDA:183,113,2,1
BRDA:183,113,3,8
BRDA:183,113,4,7
BRDA:183,113,0,0
FN:251,Fabiolune.BusinessRulesEngine.Models.ExpressionTypeCodeBinding Fabiolune.BusinessRulesEngine.BusinessRulesCompiler::CompileInternalEnumerableRule(Fabiolune.BusinessRulesEngine.Models.Rule)
FNDA:22,Fabiolune.BusinessRulesEngine.Models.ExpressionTypeCodeBinding Fabiolune.BusinessRulesEngine.BusinessRulesCompiler::CompileInternalEnumerableRule(Fabiolune.BusinessRulesEngine.Models.Rule)
DA:252,22
DA:255,22
DA:256,22
DA:258,22
DA:259,22
DA:260,22
DA:261,22
DA:263,22
DA:264,22
DA:265,22
DA:271,22
DA:274,4
DA:275,1
DA:276,1
DA:277,1
DA:280,3
DA:281,3
DA:282,3
DA:283,3
DA:285,4
DA:286,1
DA:287,1
DA:288,1
DA:291,3
DA:292,3
DA:293,3
DA:294,3
DA:296,7
DA:297,1
DA:298,1
DA:299,1
DA:303,6
DA:304,6
DA:305,6
DA:306,6
DA:307,6
DA:310,6
DA:311,6
DA:312,6
DA:313,6
DA:314,6
DA:315,6
DA:317,6
DA:318,6
DA:320,7
DA:321,1
DA:322,1
DA:323,1
DA:327,6
DA:328,6
DA:329,6
DA:330,6
DA:331,6
DA:334,6
DA:335,6
DA:336,6
DA:337,6
DA:338,6
DA:339,6
DA:341,6
DA:342,6
DA:344,0
DA:345,0
DA:348,18
DA:350,0
DA:351,0
DA:352,0
DA:353,0
DA:355,22
BRDA:260,64,0,22
BRDA:260,64,1,0
BRDA:271,162,1,4
BRDA:274,201,0,1
BRDA:274,201,1,3
BRDA:271,162,2,4
BRDA:285,362,0,1
BRDA:285,362,1,3
BRDA:271,162,3,7
BRDA:296,528,0,1
BRDA:296,528,1,6
BRDA:271,162,4,7
BRDA:320,751,0,1
BRDA:320,751,1,6
BRDA:271,162,0,0
FN:357,Fabiolune.BusinessRulesEngine.Models.ExpressionTypeCodeBinding Fabiolune.BusinessRulesEngine.BusinessRulesCompiler::CompileExternalEnumerableRule(Fabiolune.BusinessRulesEngine.Models.Rule)
FNDA:9,Fabiolune.BusinessRulesEngine.Models.ExpressionTypeCodeBinding Fabiolune.BusinessRulesEngine.BusinessRulesCompiler::CompileExternalEnumerableRule(Fabiolune.BusinessRulesEngine.Models.Rule)
DA:358,9
DA:360,9
DA:361,9
DA:363,9
DA:364,9
DA:366,9
DA:367,25
DA:368,9
DA:369,9
DA:375,9
DA:378,6
DA:379,6
DA:380,6
DA:381,6
DA:383,3
DA:384,3
DA:385,3
DA:386,3
DA:388,0
DA:389,0
DA:392,9
DA:394,0
DA:395,0
DA:396,0
DA:397,0
DA:399,9
BRDA:375,156,0,3
BRDA:375,156,1,6
BRDA:375,164,1,3
BRDA:375,164,0,0
FN:401,Fabiolune.BusinessRulesEngine.Models.ExpressionTypeCodeBinding Fabiolune.BusinessRulesEngine.BusinessRulesCompiler::CompileExternalKeyValueRule(Fabiolune.BusinessRulesEngine.Models.Rule)
FNDA:20,Fabiolune.BusinessRulesEngine.Models.ExpressionTypeCodeBinding Fabiolune.BusinessRulesEngine.BusinessRulesCompiler::CompileExternalKeyValueRule(Fabiolune.BusinessRulesEngine.Models.Rule)
DA:402,20
DA:404,20
DA:405,20
DA:406,20
DA:415,20
DA:418,20
DA:419,20
DA:420,20
DA:422,20
DA:425,3
DA:426,3
DA:427,3
DA:428,3
DA:429,3
DA:430,3
DA:431,3
DA:432,3
DA:434,3
DA:435,3
DA:436,3
DA:437,3
DA:438,3
DA:439,3
DA:440,3
DA:441,3
DA:443,3
DA:444,3
DA:445,3
DA:446,3
DA:447,3
DA:448,3
DA:449,3
DA:450,3
DA:452,3
DA:453,3
DA:454,3
DA:455,3
DA:456,3
DA:457,3
DA:458,3
DA:459,3
DA:461,12
DA:462,4
DA:463,4
DA:464,4
DA:465,4
DA:466,4
DA:467,4
DA:468,4
DA:469,4
DA:470,4
DA:471,4
DA:472,4
DA:474,12
DA:475,4
DA:476,4
DA:477,4
DA:478,4
DA:479,4
DA:480,4
DA:481,4
DA:482,4
DA:483,4
DA:484,4
DA:485,4
DA:488,20
DA:490,0
DA:491,0
DA:492,0
DA:493,0
DA:495,20
BRDA:422,115,1,3
BRDA:422,115,2,3
BRDA:422,115,3,3
BRDA:422,115,4,3
BRDA:422,115,5,4
BRDA:461,645,0,1
BRDA:461,645,1,4
BRDA:422,115,6,4
BRDA:474,896,0,1
BRDA:474,896,1,4
BRDA:422,115,0,20
FN:497,Fabiolune.BusinessRulesEngine.Models.ExpressionTypeCodeBinding Fabiolune.BusinessRulesEngine.BusinessRulesCompiler::CreateCompiledRule(Fabiolune.BusinessRulesEngine.Models.Rule)
FNDA:135,Fabiolune.BusinessRulesEngine.Models.ExpressionTypeCodeBinding Fabiolune.BusinessRulesEngine.BusinessRulesCompiler::CreateCompiledRule(Fabiolune.BusinessRulesEngine.Models.Rule)
DA:498,135
DA:499,135
DA:500,135
DA:503,28
DA:505,40
DA:507,15
DA:509,22
DA:511,9
DA:513,20
DA:515,1
DA:517,135
BRDA:500,20,2,28
BRDA:500,20,3,40
BRDA:500,20,1,15
BRDA:500,20,5,22
BRDA:500,20,6,9
BRDA:500,20,4,20
BRDA:500,20,0,1
FN:22,System.Void Fabiolune.BusinessRulesEngine.BusinessRulesCompiler::.ctor(Serilog.ILogger)
FNDA:3,System.Void Fabiolune.BusinessRulesEngine.BusinessRulesCompiler::.ctor(Serilog.ILogger)
DA:23,3
DA:24,3
DA:25,3
DA:28,3
DA:29,3
DA:30,3
FN:16,System.Void Fabiolune.BusinessRulesEngine.BusinessRulesCompiler::.cctor()
FNDA:1,System.Void Fabiolune.BusinessRulesEngine.BusinessRulesCompiler::.cctor()
DA:17,1
DA:18,1
LF:327
LH:301
BRF:70
BRH:63
FNF:11
FNH:11
end_of_record
SF:C:\Users\fabio.lonegro\Projects\MINE\business_rules_engine\src\Fabiolune.BusinessRulesEngine\BusinessRulesManager.cs
FN:20,System.Void Fabiolune.BusinessRulesEngine.BusinessRulesManager`1::SetCatalog(Fabiolune.BusinessRulesEngine.Models.RulesCatalog)
FNDA:67,System.Void Fabiolune.BusinessRulesEngine.BusinessRulesManager`1::SetCatalog(Fabiolune.BusinessRulesEngine.Models.RulesCatalog)
DA:21,67
DA:22,67
DA:23,67
DA:24,141
DA:25,67
FN:33,Fabiolune.BusinessRulesEngine.Models.RulesCatalogApplicationResult Fabiolune.BusinessRulesEngine.BusinessRulesManager`1::ItemSatisfiesRulesWithMessage(T)
FNDA:36,Fabiolune.BusinessRulesEngine.Models.RulesCatalogApplicationResult Fabiolune.BusinessRulesEngine.BusinessRulesManager`1::ItemSatisfiesRulesWithMessage(T)
DA:34,36
DA:35,36
DA:36,1
DA:38,35
DA:39,167
DA:40,41
DA:41,143
DA:42,90
DA:43,20
DA:45,21
DA:46,49
DA:47,44
DA:48,21
DA:49,21
DA:50,21
DA:51,15
DA:52,36
BRDA:35,30,0,1
BRDA:35,30,1,35
BRDA:39,304,1,41
BRDA:41,86,0,1
BRDA:41,86,1,41
BRDA:41,118,0,35
BRDA:41,118,1,41
BRDA:42,159,0,1
BRDA:42,159,1,41
BRDA:42,193,0,20
BRDA:42,193,1,21
BRDA:45,214,0,1
BRDA:45,214,1,21
BRDA:45,250,0,1
BRDA:45,250,1,21
BRDA:39,304,0,15
FN:60,System.Boolean Fabiolune.BusinessRulesEngine.BusinessRulesManager`1::ItemSatisfiesRules(T)
FNDA:52,System.Boolean Fabiolune.BusinessRulesEngine.BusinessRulesManager`1::ItemSatisfiesRules(T)
DA:61,52
DA:62,52
DA:63,1
DA:66,51
DA:67,107
DA:68,170
DA:69,163
DA:70,52
BRDA:62,30,0,1
BRDA:62,30,1,51
BRDA:66,48,0,1
BRDA:66,48,1,51
BRDA:66,101,0,1
BRDA:66,101,1,51
BRDA:68,8,0,51
BRDA:68,8,1,56
FN:14,System.Void Fabiolune.BusinessRulesEngine.BusinessRulesManager`1::.ctor(Fabiolune.BusinessRulesEngine.Interfaces.IBusinessRulesCompiler)
FNDA:2,System.Void Fabiolune.BusinessRulesEngine.BusinessRulesManager`1::.ctor(Fabiolune.BusinessRulesEngine.Interfaces.IBusinessRulesCompiler)
DA:15,2
DA:16,2
DA:17,2
DA:18,2
LF:34
LH:34
BRF:24
BRH:24
FNF:4
FNH:4
end_of_record
SF:C:\Users\fabio.lonegro\Projects\MINE\business_rules_engine\src\Fabiolune.BusinessRulesEngine\OperatorClassification.cs
FN:57,Fabiolune.BusinessRulesEngine.OperatorClassification/OperatorCategory Fabiolune.BusinessRulesEngine.OperatorClassification::GetOperatorType(Fabiolune.BusinessRulesEngine.OperatorType)
FNDA:135,Fabiolune.BusinessRulesEngine.OperatorClassification/OperatorCategory Fabiolune.BusinessRulesEngine.OperatorClassification::GetOperatorType(Fabiolune.BusinessRulesEngine.OperatorType)
DA:58,135
BRDA:58,11,0,1
BRDA:58,11,1,134
FN:17,System.Void Fabiolune.BusinessRulesEngine.OperatorClassification::.cctor()
FNDA:1,System.Void Fabiolune.BusinessRulesEngine.OperatorClassification::.cctor()
DA:18,1
DA:19,1
DA:20,1
DA:21,1
DA:22,1
DA:23,1
DA:24,1
DA:25,1
DA:26,1
DA:27,1
DA:28,1
DA:29,1
DA:30,1
DA:31,1
DA:32,1
DA:33,1
DA:34,1
DA:35,1
DA:36,1
DA:37,1
DA:38,1
DA:39,1
DA:40,1
DA:41,1
DA:42,1
DA:43,1
DA:44,1
DA:45,1
DA:46,1
DA:47,1
DA:48,1
DA:49,1
DA:50,1
DA:51,1
DA:52,1
DA:53,1
DA:54,1
DA:55,1
LF:39
LH:39
BRF:2
BRH:2
FNF:2
FNH:2
end_of_record
SF:C:\Users\fabio.lonegro\Projects\MINE\business_rules_engine\src\Fabiolune.BusinessRulesEngine\Models\Rule.cs
FN:22,System.String Fabiolune.BusinessRulesEngine.Models.Rule::get_Property()
FNDA:397,System.String Fabiolune.BusinessRulesEngine.Models.Rule::get_Property()
DA:23,397
FN:24,Fabiolune.BusinessRulesEngine.OperatorType Fabiolune.BusinessRulesEngine.Models.Rule::get_Operator()
FNDA:408,Fabiolune.BusinessRulesEngine.OperatorType Fabiolune.BusinessRulesEngine.Models.Rule::get_Operator()
DA:25,408
FN:26,System.String Fabiolune.BusinessRulesEngine.Models.Rule::get_Value()
FNDA:308,System.String Fabiolune.BusinessRulesEngine.Models.Rule::get_Value()
DA:27,308
FN:28,System.String Fabiolune.BusinessRulesEngine.Models.Rule::get_Description()
FNDA:28,System.String Fabiolune.BusinessRulesEngine.Models.Rule::get_Description()
DA:29,28
FN:30,System.String Fabiolune.BusinessRulesEngine.Models.Rule::get_Code()
FNDA:147,System.String Fabiolune.BusinessRulesEngine.Models.Rule::get_Code()
DA:31,147
FN:8,System.Void Fabiolune.BusinessRulesEngine.Models.Rule::.ctor(System.String,Fabiolune.BusinessRulesEngine.OperatorType,System.String)
FNDA:127,System.Void Fabiolune.BusinessRulesEngine.Models.Rule::.ctor(System.String,Fabiolune.BusinessRulesEngine.OperatorType,System.String)
DA:9,127
DA:10,127
DA:11,127
DA:12,127
DA:13,127
DA:14,127
FN:15,System.Void Fabiolune.BusinessRulesEngine.Models.Rule::.ctor(System.String,Fabiolune.BusinessRulesEngine.OperatorType,System.String,System.String,System.String)
FNDA:15,System.Void Fabiolune.BusinessRulesEngine.Models.Rule::.ctor(System.String,Fabiolune.BusinessRulesEngine.OperatorType,System.String,System.String,System.String)
DA:16,15
DA:17,15
DA:18,15
DA:19,15
DA:20,15
LF:16
LH:16
BRF:0
BRH:0
FNF:7
FNH:7
end_of_record
SF:C:\Users\fabio.lonegro\Projects\MINE\business_rules_engine\src\Fabiolune.BusinessRulesEngine\Models\RuleApplicationResult.cs
FN:4,System.Boolean Fabiolune.BusinessRulesEngine.Models.RuleApplicationResult::get_Success()
FNDA:254,System.Boolean Fabiolune.BusinessRulesEngine.Models.RuleApplicationResult::get_Success()
DA:5,254
FN:5,System.String Fabiolune.BusinessRulesEngine.Models.RuleApplicationResult::get_Code()
FNDA:37,System.String Fabiolune.BusinessRulesEngine.Models.RuleApplicationResult::get_Code()
DA:6,37
LF:2
LH:2
BRF:0
BRH:0
FNF:2
FNH:2
end_of_record
SF:C:\Users\fabio.lonegro\Projects\MINE\business_rules_engine\src\Fabiolune.BusinessRulesEngine\Models\RulesCatalog.cs
FN:9,System.String Fabiolune.BusinessRulesEngine.Models.RulesCatalog::get_Name()
FNDA:71,System.String Fabiolune.BusinessRulesEngine.Models.RulesCatalog::get_Name()
DA:10,71
FN:11,System.Collections.Generic.IEnumerable`1<Fabiolune.BusinessRulesEngine.Models.RuleSet> Fabiolune.BusinessRulesEngine.Models.RulesCatalog::get_RuleSets()
FNDA:273,System.Collections.Generic.IEnumerable`1<Fabiolune.BusinessRulesEngine.Models.RuleSet> Fabiolune.BusinessRulesEngine.Models.RulesCatalog::get_RuleSets()
DA:12,273
FN:22,Fabiolune.BusinessRulesEngine.Models.RulesCatalog Fabiolune.BusinessRulesEngine.Models.RulesCatalog::op_Addition(Fabiolune.BusinessRulesEngine.Models.RulesCatalog,Fabiolune.BusinessRulesEngine.Models.RulesCatalog)
FNDA:7,Fabiolune.BusinessRulesEngine.Models.RulesCatalog Fabiolune.BusinessRulesEngine.Models.RulesCatalog::op_Addition(Fabiolune.BusinessRulesEngine.Models.RulesCatalog,Fabiolune.BusinessRulesEngine.Models.RulesCatalog)
DA:23,7
DA:24,7
DA:25,7
DA:26,7
DA:27,7
DA:28,7
DA:31,7
DA:32,7
BRDA:24,43,0,0
BRDA:24,43,1,7
BRDA:24,58,0,0
BRDA:24,58,1,7
FN:40,Fabiolune.BusinessRulesEngine.Models.RulesCatalog Fabiolune.BusinessRulesEngine.Models.RulesCatalog::op_Multiply(Fabiolune.BusinessRulesEngine.Models.RulesCatalog,Fabiolune.BusinessRulesEngine.Models.RulesCatalog)
FNDA:7,Fabiolune.BusinessRulesEngine.Models.RulesCatalog Fabiolune.BusinessRulesEngine.Models.RulesCatalog::op_Multiply(Fabiolune.BusinessRulesEngine.Models.RulesCatalog,Fabiolune.BusinessRulesEngine.Models.RulesCatalog)
DA:41,7
DA:42,7
DA:44,7
DA:46,7
DA:48,33
DA:49,38
DA:50,10
DA:51,10
DA:52,10
DA:53,10
DA:54,10
DA:55,10
DA:58,10
DA:59,10
DA:61,7
DA:62,7
DA:63,7
BRDA:48,50,0,0
BRDA:48,50,1,7
BRDA:48,231,1,6
BRDA:49,84,0,0
BRDA:49,84,1,6
BRDA:49,208,1,10
BRDA:51,154,0,7
BRDA:51,154,1,10
BRDA:51,170,0,7
BRDA:51,170,1,10
BRDA:49,208,0,6
BRDA:48,231,0,7
LF:27
LH:27
BRF:16
BRH:12
FNF:4
FNH:4
end_of_record
SF:C:\Users\fabio.lonegro\Projects\MINE\business_rules_engine\src\Fabiolune.BusinessRulesEngine\Models\RulesCatalogApplicationResult.cs
FN:10,Fabiolune.BusinessRulesEngine.Models.RulesCatalogApplicationResult Fabiolune.BusinessRulesEngine.Models.RulesCatalogApplicationResult::Failed(System.Collections.Generic.IEnumerable`1<System.String>)
FNDA:15,Fabiolune.BusinessRulesEngine.Models.RulesCatalogApplicationResult Fabiolune.BusinessRulesEngine.Models.RulesCatalogApplicationResult::Failed(System.Collections.Generic.IEnumerable`1<System.String>)
DA:11,15
FN:24,System.Boolean Fabiolune.BusinessRulesEngine.Models.RulesCatalogApplicationResult::get_Success()
FNDA:56,System.Boolean Fabiolune.BusinessRulesEngine.Models.RulesCatalogApplicationResult::get_Success()
DA:25,56
FN:25,System.Collections.Generic.IEnumerable`1<System.String> Fabiolune.BusinessRulesEngine.Models.RulesCatalogApplicationResult::get_FailedCodes()
FNDA:7,System.Collections.Generic.IEnumerable`1<System.String> Fabiolune.BusinessRulesEngine.Models.RulesCatalogApplicationResult::get_FailedCodes()
DA:26,7
FN:13,System.Void Fabiolune.BusinessRulesEngine.Models.RulesCatalogApplicationResult::.ctor(System.Boolean)
FNDA:1,System.Void Fabiolune.BusinessRulesEngine.Models.RulesCatalogApplicationResult::.ctor(System.Boolean)
DA:14,1
DA:15,1
DA:16,1
DA:17,1
FN:19,System.Void Fabiolune.BusinessRulesEngine.Models.RulesCatalogApplicationResult::.ctor(System.Collections.Generic.IEnumerable`1<System.String>)
FNDA:15,System.Void Fabiolune.BusinessRulesEngine.Models.RulesCatalogApplicationResult::.ctor(System.Collections.Generic.IEnumerable`1<System.String>)
DA:20,15
DA:21,15
DA:22,15
DA:23,15
FN:6,System.Void Fabiolune.BusinessRulesEngine.Models.RulesCatalogApplicationResult::.cctor()
FNDA:1,System.Void Fabiolune.BusinessRulesEngine.Models.RulesCatalogApplicationResult::.cctor()
DA:7,1
DA:8,1
LF:13
LH:13
BRF:0
BRH:0
FNF:6
FNH:6
end_of_record
SF:C:\Users\fabio.lonegro\Projects\MINE\business_rules_engine\src\Fabiolune.BusinessRulesEngine\Models\RuleSet.cs
FN:8,System.String Fabiolune.BusinessRulesEngine.Models.RuleSet::get_Description()
FNDA:73,System.String Fabiolune.BusinessRulesEngine.Models.RuleSet::get_Description()
DA:9,73
FN:10,System.Collections.Generic.IEnumerable`1<Fabiolune.BusinessRulesEngine.Models.Rule> Fabiolune.BusinessRulesEngine.Models.RuleSet::get_Rules()
FNDA:177,System.Collections.Generic.IEnumerable`1<Fabiolune.BusinessRulesEngine.Models.Rule> Fabiolune.BusinessRulesEngine.Models.RuleSet::get_Rules()
DA:11,177
LF:2
LH:2
BRF:0
BRH:0
FNF:2
FNH:2
end_of_record
SF:C:\Users\fabio.lonegro\Projects\MINE\business_rules_engine\src\Fabiolune.BusinessRulesEngine\Extensions\RulescatalogExtensions.cs
FN:10,System.Collections.Generic.IEnumerable`1<System.Collections.Generic.IEnumerable`1<Fabiolune.BusinessRulesEngine.Models.Rule>> Fabiolune.BusinessRulesEngine.Extensions.RulesCatalogExtensions::ToSimplifiedCatalog(Fabiolune.BusinessRulesEngine.Models.RulesCatalog)
FNDA:151,System.Collections.Generic.IEnumerable`1<System.Collections.Generic.IEnumerable`1<Fabiolune.BusinessRulesEngine.Models.Rule>> Fabiolune.BusinessRulesEngine.Extensions.RulesCatalogExtensions::ToSimplifiedCatalog(Fabiolune.BusinessRulesEngine.Models.RulesCatalog)
DA:11,151
BRDA:11,1,0,1
BRDA:11,1,1,72
BRDA:11,12,0,71
BRDA:11,12,1,2
FN:13,System.Boolean Fabiolune.BusinessRulesEngine.Extensions.RulesCatalogExtensions::IsEquivalentTo(Fabiolune.BusinessRulesEngine.Models.RulesCatalog,Fabiolune.BusinessRulesEngine.Models.RulesCatalog)
FNDA:3,System.Boolean Fabiolune.BusinessRulesEngine.Extensions.RulesCatalogExtensions::IsEquivalentTo(Fabiolune.BusinessRulesEngine.Models.RulesCatalog,Fabiolune.BusinessRulesEngine.Models.RulesCatalog)
DA:14,3
DA:15,3
LF:3
LH:3
BRF:4
BRH:4
FNF:2
FNH:2
end_of_record