<?xml version="1.0" encoding="utf-8"?>
<CoverageSession>
  <Summary numSequencePoints="415" visitedSequencePoints="415" numBranchPoints="134" visitedBranchPoints="134" sequenceCoverage="100" branchCoverage="100" maxCyclomaticComplexity="174" minCyclomaticComplexity="174" visitedClasses="15" numClasses="15" visitedMethods="61" numMethods="61" />
  <Modules>
    <Module hash="783412DB-56E0-4BC3-B080-425A6C2ED669">
      <ModulePath>LogicEngine.dll</ModulePath>
      <ModuleTime>2023-06-20T01:38:25</ModuleTime>
      <ModuleName>LogicEngine</ModuleName>
      <Files>
        <File uid="1" fullPath="/mnt/c/Users/fabio.lonegro/Projects/mine/logic-engine/src/LogicEngine/CompiledCatalog.cs" />
        <File uid="2" fullPath="/mnt/c/Users/fabio.lonegro/Projects/mine/logic-engine/src/LogicEngine/CompiledRule.cs" />
        <File uid="3" fullPath="/mnt/c/Users/fabio.lonegro/Projects/mine/logic-engine/src/LogicEngine/CompiledRulesSet.cs" />
        <File uid="4" fullPath="/mnt/c/Users/fabio.lonegro/Projects/mine/logic-engine/src/LogicEngine/Models/Rule.cs" />
        <File uid="5" fullPath="/mnt/c/Users/fabio.lonegro/Projects/mine/logic-engine/src/LogicEngine/Models/RulesCatalog.cs" />
        <File uid="6" fullPath="/mnt/c/Users/fabio.lonegro/Projects/mine/logic-engine/src/LogicEngine/Models/RulesSet.cs" />
        <File uid="7" fullPath="/mnt/c/Users/fabio.lonegro/Projects/mine/logic-engine/src/LogicEngine/Internals/Constants.cs" />
        <File uid="8" fullPath="/mnt/c/Users/fabio.lonegro/Projects/mine/logic-engine/src/LogicEngine/Internals/OperationMappings.cs" />
        <File uid="9" fullPath="/mnt/c/Users/fabio.lonegro/Projects/mine/logic-engine/src/LogicEngine/Internals/OperatorClassification.cs" />
        <File uid="10" fullPath="/mnt/c/Users/fabio.lonegro/Projects/mine/logic-engine/src/LogicEngine/Internals/StaticShared.cs" />
        <File uid="11" fullPath="/mnt/c/Users/fabio.lonegro/Projects/mine/logic-engine/src/LogicEngine/Extensions/EnumerableExtensions.cs" />
        <File uid="12" fullPath="/mnt/c/Users/fabio.lonegro/Projects/mine/logic-engine/src/LogicEngine/Compilers/RuleCompiler.cs" />
        <File uid="13" fullPath="/mnt/c/Users/fabio.lonegro/Projects/mine/logic-engine/src/LogicEngine/Compilers/RulesCatalogCompiler.cs" />
        <File uid="14" fullPath="/mnt/c/Users/fabio.lonegro/Projects/mine/logic-engine/src/LogicEngine/Compilers/RulesSetCompiler.cs" />
      </Files>
      <Classes>
        <Class>
          <Summary numSequencePoints="27" visitedSequencePoints="27" numBranchPoints="24" visitedBranchPoints="24" sequenceCoverage="100" branchCoverage="100" maxCyclomaticComplexity="12" minCyclomaticComplexity="1" visitedClasses="1" numClasses="1" visitedMethods="8" numMethods="8" />
          <FullName>LogicEngine.CompiledCatalog`1</FullName>
          <Methods>
            <Method cyclomaticComplexity="1" nPathComplexity="1" sequenceCoverage="100" branchCoverage="100" isConstructor="False" isGetter="True" isSetter="False" isStatic="True">
              <Summary numSequencePoints="1" visitedSequencePoints="1" numBranchPoints="0" visitedBranchPoints="0" sequenceCoverage="100" branchCoverage="100" maxCyclomaticComplexity="1" minCyclomaticComplexity="1" visitedClasses="0" numClasses="0" visitedMethods="1" numMethods="1" />
              <MetadataToken />
              <Name>System.String LogicEngine.CompiledCatalog`1::get_Name()</Name>
              <FileRef uid="1" />
              <SequencePoints>
                <SequencePoint vc="4" uspid="20" ordinal="0" sl="20" sc="1" el="20" ec="2" bec="0" bev="0" fileid="1" />
              </SequencePoints>
              <BranchPoints />
              <MethodPoint vc="1" uspid="0" p8:type="SequencePoint" ordinal="0" offset="0" sc="0" sl="20" ec="1" el="20" bec="0" bev="0" fileid="1" xmlns:p8="xsi" />
            </Method>
            <Method cyclomaticComplexity="1" nPathComplexity="1" sequenceCoverage="100" branchCoverage="100" isConstructor="False" isGetter="False" isSetter="False" isStatic="True">
              <Summary numSequencePoints="1" visitedSequencePoints="1" numBranchPoints="0" visitedBranchPoints="0" sequenceCoverage="100" branchCoverage="100" maxCyclomaticComplexity="1" minCyclomaticComplexity="1" visitedClasses="0" numClasses="0" visitedMethods="1" numMethods="1" />
              <MetadataToken />
              <Name>System.Boolean LogicEngine.CompiledCatalog`1::Apply(T)</Name>
              <FileRef uid="1" />
              <SequencePoints>
                <SequencePoint vc="19" uspid="33" ordinal="0" sl="33" sc="1" el="33" ec="2" bec="0" bev="0" fileid="1" />
              </SequencePoints>
              <BranchPoints />
              <MethodPoint vc="1" uspid="0" p8:type="SequencePoint" ordinal="1" offset="1" sc="0" sl="33" ec="1" el="33" bec="0" bev="0" fileid="1" xmlns:p8="xsi" />
            </Method>
            <Method cyclomaticComplexity="1" nPathComplexity="1" sequenceCoverage="100" branchCoverage="100" isConstructor="False" isGetter="False" isSetter="False" isStatic="True">
              <Summary numSequencePoints="1" visitedSequencePoints="1" numBranchPoints="0" visitedBranchPoints="0" sequenceCoverage="100" branchCoverage="100" maxCyclomaticComplexity="1" minCyclomaticComplexity="1" visitedClasses="0" numClasses="0" visitedMethods="1" numMethods="1" />
              <MetadataToken />
              <Name>TinyFp.Either`2&lt;System.Collections.Generic.IEnumerable`1&lt;System.String&gt;,TinyFp.Unit&gt; LogicEngine.CompiledCatalog`1::DetailedApply(T)</Name>
              <FileRef uid="1" />
              <SequencePoints>
                <SequencePoint vc="19" uspid="35" ordinal="0" sl="35" sc="1" el="35" ec="2" bec="0" bev="0" fileid="1" />
              </SequencePoints>
              <BranchPoints />
              <MethodPoint vc="1" uspid="0" p8:type="SequencePoint" ordinal="2" offset="2" sc="0" sl="35" ec="1" el="35" bec="0" bev="0" fileid="1" xmlns:p8="xsi" />
            </Method>
            <Method cyclomaticComplexity="1" nPathComplexity="1" sequenceCoverage="100" branchCoverage="100" isConstructor="False" isGetter="False" isSetter="False" isStatic="True">
              <Summary numSequencePoints="1" visitedSequencePoints="1" numBranchPoints="0" visitedBranchPoints="0" sequenceCoverage="100" branchCoverage="100" maxCyclomaticComplexity="1" minCyclomaticComplexity="1" visitedClasses="0" numClasses="0" visitedMethods="1" numMethods="1" />
              <MetadataToken />
              <Name>TinyFp.Option`1&lt;System.String&gt; LogicEngine.CompiledCatalog`1::FirstMatching(T)</Name>
              <FileRef uid="1" />
              <SequencePoints>
                <SequencePoint vc="20" uspid="37" ordinal="0" sl="37" sc="1" el="37" ec="2" bec="0" bev="0" fileid="1" />
              </SequencePoints>
              <BranchPoints />
              <MethodPoint vc="1" uspid="0" p8:type="SequencePoint" ordinal="3" offset="3" sc="0" sl="37" ec="1" el="37" bec="0" bev="0" fileid="1" xmlns:p8="xsi" />
            </Method>
            <Method cyclomaticComplexity="1" nPathComplexity="1" sequenceCoverage="100" branchCoverage="100" isConstructor="False" isGetter="False" isSetter="False" isStatic="True">
              <Summary numSequencePoints="1" visitedSequencePoints="1" numBranchPoints="0" visitedBranchPoints="0" sequenceCoverage="100" branchCoverage="100" maxCyclomaticComplexity="1" minCyclomaticComplexity="1" visitedClasses="0" numClasses="0" visitedMethods="1" numMethods="1" />
              <MetadataToken />
              <Name>System.Func`2&lt;T,System.Boolean&gt; LogicEngine.CompiledCatalog`1::GetApplyFromRules(System.Collections.Generic.List`1&lt;LogicEngine.CompiledRulesSet`1&lt;T&gt;&gt;)</Name>
              <FileRef uid="1" />
              <SequencePoints>
                <SequencePoint vc="99" uspid="40" ordinal="0" sl="40" sc="1" el="40" ec="2" bec="0" bev="0" fileid="1" />
              </SequencePoints>
              <BranchPoints />
              <MethodPoint vc="1" uspid="0" p8:type="SequencePoint" ordinal="4" offset="4" sc="0" sl="40" ec="1" el="40" bec="0" bev="0" fileid="1" xmlns:p8="xsi" />
            </Method>
            <Method cyclomaticComplexity="10" nPathComplexity="10" sequenceCoverage="100" branchCoverage="100" isConstructor="False" isGetter="False" isSetter="False" isStatic="True">
              <Summary numSequencePoints="5" visitedSequencePoints="5" numBranchPoints="10" visitedBranchPoints="10" sequenceCoverage="100" branchCoverage="100" maxCyclomaticComplexity="10" minCyclomaticComplexity="10" visitedClasses="0" numClasses="0" visitedMethods="1" numMethods="1" />
              <MetadataToken />
              <Name>System.Func`2&lt;T,TinyFp.Either`2&lt;System.Collections.Generic.IEnumerable`1&lt;System.String&gt;,TinyFp.Unit&gt;&gt; LogicEngine.CompiledCatalog`1::GetDetailedApplyFromRules(System.Collections.Generic.List`1&lt;LogicEngine.CompiledRulesSet`1&lt;T&gt;&gt;)</Name>
              <FileRef uid="1" />
              <SequencePoints>
                <SequencePoint vc="69" uspid="43" ordinal="0" sl="43" sc="1" el="43" ec="2" bec="2" bev="2" fileid="1" />
                <SequencePoint vc="47" uspid="44" ordinal="1" sl="44" sc="1" el="44" ec="2" bec="0" bev="0" fileid="1" />
                <SequencePoint vc="49" uspid="45" ordinal="2" sl="45" sc="1" el="45" ec="2" bec="8" bev="8" fileid="1" />
                <SequencePoint vc="88" uspid="46" ordinal="3" sl="46" sc="1" el="46" ec="2" bec="0" bev="0" fileid="1" />
                <SequencePoint vc="105" uspid="47" ordinal="4" sl="47" sc="1" el="47" ec="2" bec="0" bev="0" fileid="1" />
              </SequencePoints>
              <BranchPoints>
                <BranchPoint vc="1" uspid="45" ordinal="0" path="0" offset="7" offsetend="9" sl="45" fileid="1" />
                <BranchPoint vc="19" uspid="45" ordinal="1" path="1" offset="7" offsetend="32" sl="45" fileid="1" />
                <BranchPoint vc="9" uspid="45" ordinal="2" path="0" offset="37" offsetend="39" sl="45" fileid="1" />
                <BranchPoint vc="1" uspid="45" ordinal="4" path="0" offset="51" offsetend="53" sl="45" fileid="1" />
                <BranchPoint vc="9" uspid="45" ordinal="5" path="1" offset="51" offsetend="76" sl="45" fileid="1" />
                <BranchPoint vc="1" uspid="45" ordinal="6" path="0" offset="87" offsetend="89" sl="45" fileid="1" />
                <BranchPoint vc="9" uspid="45" ordinal="7" path="1" offset="87" offsetend="108" sl="45" fileid="1" />
                <BranchPoint vc="10" uspid="45" ordinal="3" path="1" offset="37" offsetend="114" sl="45" fileid="1" />
                <BranchPoint vc="1" uspid="43" ordinal="0" path="0" offset="42" offsetend="44" sl="43" fileid="1" />
                <BranchPoint vc="19" uspid="43" ordinal="1" path="1" offset="42" offsetend="67" sl="43" fileid="1" />
              </BranchPoints>
              <MethodPoint vc="5" uspid="0" p8:type="SequencePoint" ordinal="5" offset="5" sc="0" sl="43" ec="1" el="47" bec="0" bev="0" fileid="1" xmlns:p8="xsi" />
            </Method>
            <Method cyclomaticComplexity="2" nPathComplexity="2" sequenceCoverage="100" branchCoverage="100" isConstructor="False" isGetter="False" isSetter="False" isStatic="True">
              <Summary numSequencePoints="4" visitedSequencePoints="4" numBranchPoints="2" visitedBranchPoints="2" sequenceCoverage="100" branchCoverage="100" maxCyclomaticComplexity="2" minCyclomaticComplexity="2" visitedClasses="0" numClasses="0" visitedMethods="1" numMethods="1" />
              <MetadataToken />
              <Name>System.Func`2&lt;T,TinyFp.Option`1&lt;System.String&gt;&gt; LogicEngine.CompiledCatalog`1::GetFirstMatchingFromRules(System.Collections.Generic.List`1&lt;LogicEngine.CompiledRulesSet`1&lt;T&gt;&gt;)</Name>
              <FileRef uid="1" />
              <SequencePoints>
                <SequencePoint vc="70" uspid="50" ordinal="0" sl="50" sc="1" el="50" ec="2" bec="2" bev="2" fileid="1" />
                <SequencePoint vc="32" uspid="51" ordinal="1" sl="51" sc="1" el="51" ec="2" bec="0" bev="0" fileid="1" />
                <SequencePoint vc="70" uspid="52" ordinal="2" sl="52" sc="1" el="52" ec="2" bec="0" bev="0" fileid="1" />
                <SequencePoint vc="80" uspid="53" ordinal="3" sl="53" sc="1" el="53" ec="2" bec="0" bev="0" fileid="1" />
              </SequencePoints>
              <BranchPoints>
                <BranchPoint vc="1" uspid="50" ordinal="0" path="0" offset="50" offsetend="52" sl="50" fileid="1" />
                <BranchPoint vc="20" uspid="50" ordinal="1" path="1" offset="50" offsetend="75" sl="50" fileid="1" />
              </BranchPoints>
              <MethodPoint vc="4" uspid="0" p8:type="SequencePoint" ordinal="6" offset="6" sc="0" sl="50" ec="1" el="53" bec="0" bev="0" fileid="1" xmlns:p8="xsi" />
            </Method>
            <Method cyclomaticComplexity="12" nPathComplexity="12" sequenceCoverage="100" branchCoverage="100" isConstructor="True" isGetter="False" isSetter="False" isStatic="True">
              <Summary numSequencePoints="13" visitedSequencePoints="13" numBranchPoints="12" visitedBranchPoints="12" sequenceCoverage="100" branchCoverage="100" maxCyclomaticComplexity="12" minCyclomaticComplexity="12" visitedClasses="0" numClasses="0" visitedMethods="1" numMethods="1" />
              <MetadataToken />
              <Name>System.Void LogicEngine.CompiledCatalog`1::.ctor(LogicEngine.CompiledRulesSet`1&lt;T&gt;[],System.String)</Name>
              <FileRef uid="1" />
              <SequencePoints>
                <SequencePoint vc="50" uspid="16" ordinal="0" sl="16" sc="1" el="16" ec="2" bec="0" bev="0" fileid="1" />
                <SequencePoint vc="50" uspid="17" ordinal="1" sl="17" sc="1" el="17" ec="2" bec="0" bev="0" fileid="1" />
                <SequencePoint vc="50" uspid="18" ordinal="2" sl="18" sc="1" el="18" ec="2" bec="0" bev="0" fileid="1" />
                <SequencePoint vc="50" uspid="22" ordinal="3" sl="22" sc="1" el="22" ec="2" bec="0" bev="0" fileid="1" />
                <SequencePoint vc="50" uspid="23" ordinal="4" sl="23" sc="1" el="23" ec="2" bec="12" bev="12" fileid="1" />
                <SequencePoint vc="148" uspid="24" ordinal="5" sl="24" sc="1" el="24" ec="2" bec="0" bev="0" fileid="1" />
                <SequencePoint vc="148" uspid="25" ordinal="6" sl="25" sc="1" el="25" ec="2" bec="0" bev="0" fileid="1" />
                <SequencePoint vc="148" uspid="26" ordinal="7" sl="26" sc="1" el="26" ec="2" bec="0" bev="0" fileid="1" />
                <SequencePoint vc="50" uspid="27" ordinal="8" sl="27" sc="1" el="27" ec="2" bec="0" bev="0" fileid="1" />
                <SequencePoint vc="50" uspid="28" ordinal="9" sl="28" sc="1" el="28" ec="2" bec="0" bev="0" fileid="1" />
                <SequencePoint vc="50" uspid="29" ordinal="10" sl="29" sc="1" el="29" ec="2" bec="0" bev="0" fileid="1" />
                <SequencePoint vc="50" uspid="30" ordinal="11" sl="30" sc="1" el="30" ec="2" bec="0" bev="0" fileid="1" />
                <SequencePoint vc="100" uspid="31" ordinal="12" sl="31" sc="1" el="31" ec="2" bec="0" bev="0" fileid="1" />
              </SequencePoints>
              <BranchPoints>
                <BranchPoint vc="1" uspid="23" ordinal="0" path="0" offset="64" offsetend="66" sl="23" fileid="1" />
                <BranchPoint vc="50" uspid="23" ordinal="1" path="1" offset="64" offsetend="89" sl="23" fileid="1" />
                <BranchPoint vc="1" uspid="23" ordinal="2" path="0" offset="100" offsetend="102" sl="23" fileid="1" />
                <BranchPoint vc="50" uspid="23" ordinal="3" path="1" offset="100" offsetend="125" sl="23" fileid="1" />
                <BranchPoint vc="1" uspid="23" ordinal="4" path="0" offset="136" offsetend="138" sl="23" fileid="1" />
                <BranchPoint vc="50" uspid="23" ordinal="5" path="1" offset="136" offsetend="161" sl="23" fileid="1" />
                <BranchPoint vc="1" uspid="23" ordinal="6" path="0" offset="172" offsetend="174" sl="23" fileid="1" />
                <BranchPoint vc="50" uspid="23" ordinal="7" path="1" offset="172" offsetend="197" sl="23" fileid="1" />
                <BranchPoint vc="1" uspid="23" ordinal="8" path="0" offset="211" offsetend="213" sl="23" fileid="1" />
                <BranchPoint vc="50" uspid="23" ordinal="9" path="1" offset="211" offsetend="236" sl="23" fileid="1" />
                <BranchPoint vc="1" uspid="23" ordinal="10" path="0" offset="250" offsetend="252" sl="23" fileid="1" />
                <BranchPoint vc="50" uspid="23" ordinal="11" path="1" offset="250" offsetend="275" sl="23" fileid="1" />
              </BranchPoints>
              <MethodPoint vc="13" uspid="0" p8:type="SequencePoint" ordinal="7" offset="7" sc="0" sl="16" ec="1" el="31" bec="0" bev="0" fileid="1" xmlns:p8="xsi" />
            </Method>
          </Methods>
        </Class>
        <Class>
          <Summary numSequencePoints="5" visitedSequencePoints="5" numBranchPoints="4" visitedBranchPoints="4" sequenceCoverage="100" branchCoverage="100" maxCyclomaticComplexity="4" minCyclomaticComplexity="1" visitedClasses="1" numClasses="1" visitedMethods="4" numMethods="4" />
          <FullName>LogicEngine.CompiledRule`1</FullName>
          <Methods>
            <Method cyclomaticComplexity="1" nPathComplexity="1" sequenceCoverage="100" branchCoverage="100" isConstructor="False" isGetter="True" isSetter="False" isStatic="True">
              <Summary numSequencePoints="1" visitedSequencePoints="1" numBranchPoints="0" visitedBranchPoints="0" sequenceCoverage="100" branchCoverage="100" maxCyclomaticComplexity="1" minCyclomaticComplexity="1" visitedClasses="0" numClasses="0" visitedMethods="1" numMethods="1" />
              <MetadataToken />
              <Name>System.String LogicEngine.CompiledRule`1::get_Code()</Name>
              <FileRef uid="2" />
              <SequencePoints>
                <SequencePoint vc="241" uspid="10" ordinal="0" sl="10" sc="1" el="10" ec="2" bec="0" bev="0" fileid="2" />
              </SequencePoints>
              <BranchPoints />
              <MethodPoint vc="1" uspid="0" p8:type="SequencePoint" ordinal="0" offset="0" sc="0" sl="10" ec="1" el="10" bec="0" bev="0" fileid="2" xmlns:p8="xsi" />
            </Method>
            <Method cyclomaticComplexity="1" nPathComplexity="1" sequenceCoverage="100" branchCoverage="100" isConstructor="False" isGetter="False" isSetter="False" isStatic="True">
              <Summary numSequencePoints="1" visitedSequencePoints="1" numBranchPoints="0" visitedBranchPoints="0" sequenceCoverage="100" branchCoverage="100" maxCyclomaticComplexity="1" minCyclomaticComplexity="1" visitedClasses="0" numClasses="0" visitedMethods="1" numMethods="1" />
              <MetadataToken />
              <Name>System.Boolean LogicEngine.CompiledRule`1::Apply(T)</Name>
              <FileRef uid="2" />
              <SequencePoints>
                <SequencePoint vc="126" uspid="16" ordinal="0" sl="16" sc="1" el="16" ec="2" bec="0" bev="0" fileid="2" />
              </SequencePoints>
              <BranchPoints />
              <MethodPoint vc="1" uspid="0" p8:type="SequencePoint" ordinal="1" offset="1" sc="0" sl="16" ec="1" el="16" bec="0" bev="0" fileid="2" xmlns:p8="xsi" />
            </Method>
            <Method cyclomaticComplexity="4" nPathComplexity="4" sequenceCoverage="100" branchCoverage="100" isConstructor="False" isGetter="False" isSetter="False" isStatic="True">
              <Summary numSequencePoints="1" visitedSequencePoints="1" numBranchPoints="4" visitedBranchPoints="4" sequenceCoverage="100" branchCoverage="100" maxCyclomaticComplexity="4" minCyclomaticComplexity="4" visitedClasses="0" numClasses="0" visitedMethods="1" numMethods="1" />
              <MetadataToken />
              <Name>TinyFp.Either`2&lt;System.String,TinyFp.Unit&gt; LogicEngine.CompiledRule`1::DetailedApply(T)</Name>
              <FileRef uid="2" />
              <SequencePoints>
                <SequencePoint vc="570" uspid="18" ordinal="0" sl="18" sc="1" el="18" ec="2" bec="4" bev="4" fileid="2" />
              </SequencePoints>
              <BranchPoints>
                <BranchPoint vc="1" uspid="18" ordinal="0" path="0" offset="18" offsetend="20" sl="18" fileid="2" />
                <BranchPoint vc="232" uspid="18" ordinal="1" path="1" offset="18" offsetend="43" sl="18" fileid="2" />
                <BranchPoint vc="1" uspid="18" ordinal="2" path="0" offset="49" offsetend="51" sl="18" fileid="2" />
                <BranchPoint vc="232" uspid="18" ordinal="3" path="1" offset="49" offsetend="74" sl="18" fileid="2" />
              </BranchPoints>
              <MethodPoint vc="1" uspid="0" p8:type="SequencePoint" ordinal="2" offset="2" sc="0" sl="18" ec="1" el="18" bec="0" bev="0" fileid="2" xmlns:p8="xsi" />
            </Method>
            <Method cyclomaticComplexity="1" nPathComplexity="1" sequenceCoverage="100" branchCoverage="100" isConstructor="True" isGetter="False" isSetter="False" isStatic="True">
              <Summary numSequencePoints="2" visitedSequencePoints="2" numBranchPoints="0" visitedBranchPoints="0" sequenceCoverage="100" branchCoverage="100" maxCyclomaticComplexity="1" minCyclomaticComplexity="1" visitedClasses="0" numClasses="0" visitedMethods="1" numMethods="1" />
              <MetadataToken />
              <Name>System.Void LogicEngine.CompiledRule`1::.ctor(System.Func`2&lt;T,System.Boolean&gt;,System.String)</Name>
              <FileRef uid="2" />
              <SequencePoints>
                <SequencePoint vc="336" uspid="13" ordinal="0" sl="13" sc="1" el="13" ec="2" bec="0" bev="0" fileid="2" />
                <SequencePoint vc="336" uspid="14" ordinal="1" sl="14" sc="1" el="14" ec="2" bec="0" bev="0" fileid="2" />
              </SequencePoints>
              <BranchPoints />
              <MethodPoint vc="2" uspid="0" p8:type="SequencePoint" ordinal="3" offset="3" sc="0" sl="13" ec="1" el="14" bec="0" bev="0" fileid="2" xmlns:p8="xsi" />
            </Method>
          </Methods>
        </Class>
        <Class>
          <Summary numSequencePoints="23" visitedSequencePoints="23" numBranchPoints="14" visitedBranchPoints="14" sequenceCoverage="100" branchCoverage="100" maxCyclomaticComplexity="6" minCyclomaticComplexity="1" visitedClasses="1" numClasses="1" visitedMethods="8" numMethods="8" />
          <FullName>LogicEngine.CompiledRulesSet`1</FullName>
          <Methods>
            <Method cyclomaticComplexity="1" nPathComplexity="1" sequenceCoverage="100" branchCoverage="100" isConstructor="False" isGetter="True" isSetter="False" isStatic="True">
              <Summary numSequencePoints="1" visitedSequencePoints="1" numBranchPoints="0" visitedBranchPoints="0" sequenceCoverage="100" branchCoverage="100" maxCyclomaticComplexity="1" minCyclomaticComplexity="1" visitedClasses="0" numClasses="0" visitedMethods="1" numMethods="1" />
              <MetadataToken />
              <Name>System.String LogicEngine.CompiledRulesSet`1::get_Name()</Name>
              <FileRef uid="3" />
              <SequencePoints>
                <SequencePoint vc="10" uspid="20" ordinal="0" sl="20" sc="1" el="20" ec="2" bec="0" bev="0" fileid="3" />
              </SequencePoints>
              <BranchPoints />
              <MethodPoint vc="1" uspid="0" p8:type="SequencePoint" ordinal="0" offset="0" sc="0" sl="20" ec="1" el="20" bec="0" bev="0" fileid="3" xmlns:p8="xsi" />
            </Method>
            <Method cyclomaticComplexity="1" nPathComplexity="1" sequenceCoverage="100" branchCoverage="100" isConstructor="False" isGetter="False" isSetter="False" isStatic="True">
              <Summary numSequencePoints="1" visitedSequencePoints="1" numBranchPoints="0" visitedBranchPoints="0" sequenceCoverage="100" branchCoverage="100" maxCyclomaticComplexity="1" minCyclomaticComplexity="1" visitedClasses="0" numClasses="0" visitedMethods="1" numMethods="1" />
              <MetadataToken />
              <Name>System.Boolean LogicEngine.CompiledRulesSet`1::Apply(T)</Name>
              <FileRef uid="3" />
              <SequencePoints>
                <SequencePoint vc="72" uspid="30" ordinal="0" sl="30" sc="1" el="30" ec="2" bec="0" bev="0" fileid="3" />
              </SequencePoints>
              <BranchPoints />
              <MethodPoint vc="1" uspid="0" p8:type="SequencePoint" ordinal="1" offset="1" sc="0" sl="30" ec="1" el="30" bec="0" bev="0" fileid="3" xmlns:p8="xsi" />
            </Method>
            <Method cyclomaticComplexity="1" nPathComplexity="1" sequenceCoverage="100" branchCoverage="100" isConstructor="False" isGetter="False" isSetter="False" isStatic="True">
              <Summary numSequencePoints="1" visitedSequencePoints="1" numBranchPoints="0" visitedBranchPoints="0" sequenceCoverage="100" branchCoverage="100" maxCyclomaticComplexity="1" minCyclomaticComplexity="1" visitedClasses="0" numClasses="0" visitedMethods="1" numMethods="1" />
              <MetadataToken />
              <Name>TinyFp.Either`2&lt;System.Collections.Generic.IEnumerable`1&lt;System.String&gt;,TinyFp.Unit&gt; LogicEngine.CompiledRulesSet`1::DetailedApply(T)</Name>
              <FileRef uid="3" />
              <SequencePoints>
                <SequencePoint vc="57" uspid="32" ordinal="0" sl="32" sc="1" el="32" ec="2" bec="0" bev="0" fileid="3" />
              </SequencePoints>
              <BranchPoints />
              <MethodPoint vc="1" uspid="0" p8:type="SequencePoint" ordinal="2" offset="2" sc="0" sl="32" ec="1" el="32" bec="0" bev="0" fileid="3" xmlns:p8="xsi" />
            </Method>
            <Method cyclomaticComplexity="1" nPathComplexity="1" sequenceCoverage="100" branchCoverage="100" isConstructor="False" isGetter="False" isSetter="False" isStatic="True">
              <Summary numSequencePoints="1" visitedSequencePoints="1" numBranchPoints="0" visitedBranchPoints="0" sequenceCoverage="100" branchCoverage="100" maxCyclomaticComplexity="1" minCyclomaticComplexity="1" visitedClasses="0" numClasses="0" visitedMethods="1" numMethods="1" />
              <MetadataToken />
              <Name>TinyFp.Option`1&lt;System.String&gt; LogicEngine.CompiledRulesSet`1::FirstMatching(T)</Name>
              <FileRef uid="3" />
              <SequencePoints>
                <SequencePoint vc="11" uspid="34" ordinal="0" sl="34" sc="1" el="34" ec="2" bec="0" bev="0" fileid="3" />
              </SequencePoints>
              <BranchPoints />
              <MethodPoint vc="1" uspid="0" p8:type="SequencePoint" ordinal="3" offset="3" sc="0" sl="34" ec="1" el="34" bec="0" bev="0" fileid="3" xmlns:p8="xsi" />
            </Method>
            <Method cyclomaticComplexity="1" nPathComplexity="1" sequenceCoverage="100" branchCoverage="100" isConstructor="False" isGetter="False" isSetter="False" isStatic="True">
              <Summary numSequencePoints="1" visitedSequencePoints="1" numBranchPoints="0" visitedBranchPoints="0" sequenceCoverage="100" branchCoverage="100" maxCyclomaticComplexity="1" minCyclomaticComplexity="1" visitedClasses="0" numClasses="0" visitedMethods="1" numMethods="1" />
              <MetadataToken />
              <Name>System.Func`2&lt;T,System.Boolean&gt; LogicEngine.CompiledRulesSet`1::GetApplyFromRules(System.Collections.Generic.List`1&lt;LogicEngine.CompiledRule`1&lt;T&gt;&gt;)</Name>
              <FileRef uid="3" />
              <SequencePoints>
                <SequencePoint vc="303" uspid="37" ordinal="0" sl="37" sc="1" el="37" ec="2" bec="0" bev="0" fileid="3" />
              </SequencePoints>
              <BranchPoints />
              <MethodPoint vc="1" uspid="0" p8:type="SequencePoint" ordinal="4" offset="4" sc="0" sl="37" ec="1" el="37" bec="0" bev="0" fileid="3" xmlns:p8="xsi" />
            </Method>
            <Method cyclomaticComplexity="6" nPathComplexity="6" sequenceCoverage="100" branchCoverage="100" isConstructor="False" isGetter="False" isSetter="False" isStatic="True">
              <Summary numSequencePoints="4" visitedSequencePoints="4" numBranchPoints="6" visitedBranchPoints="6" sequenceCoverage="100" branchCoverage="100" maxCyclomaticComplexity="6" minCyclomaticComplexity="6" visitedClasses="0" numClasses="0" visitedMethods="1" numMethods="1" />
              <MetadataToken />
              <Name>System.Func`2&lt;T,TinyFp.Either`2&lt;System.Collections.Generic.IEnumerable`1&lt;System.String&gt;,TinyFp.Unit&gt;&gt; LogicEngine.CompiledRulesSet`1::GetDetailedApplyFromRules(System.Collections.Generic.List`1&lt;LogicEngine.CompiledRule`1&lt;T&gt;&gt;)</Name>
              <FileRef uid="3" />
              <SequencePoints>
                <SequencePoint vc="181" uspid="40" ordinal="0" sl="40" sc="1" el="40" ec="2" bec="2" bev="2" fileid="3" />
                <SequencePoint vc="136" uspid="41" ordinal="1" sl="41" sc="1" el="41" ec="2" bec="0" bev="0" fileid="3" />
                <SequencePoint vc="181" uspid="42" ordinal="2" sl="42" sc="1" el="42" ec="2" bec="0" bev="0" fileid="3" />
                <SequencePoint vc="307" uspid="43" ordinal="3" sl="43" sc="1" el="43" ec="2" bec="4" bev="4" fileid="3" />
              </SequencePoints>
              <BranchPoints>
                <BranchPoint vc="1" uspid="43" ordinal="0" path="0" offset="7" offsetend="9" sl="43" fileid="3" />
                <BranchPoint vc="57" uspid="43" ordinal="1" path="1" offset="7" offsetend="32" sl="43" fileid="3" />
                <BranchPoint vc="1" uspid="43" ordinal="2" path="0" offset="38" offsetend="40" sl="43" fileid="3" />
                <BranchPoint vc="57" uspid="43" ordinal="3" path="1" offset="38" offsetend="63" sl="43" fileid="3" />
                <BranchPoint vc="1" uspid="40" ordinal="0" path="0" offset="47" offsetend="49" sl="40" fileid="3" />
                <BranchPoint vc="57" uspid="40" ordinal="1" path="1" offset="47" offsetend="72" sl="40" fileid="3" />
              </BranchPoints>
              <MethodPoint vc="4" uspid="0" p8:type="SequencePoint" ordinal="5" offset="5" sc="0" sl="40" ec="1" el="43" bec="0" bev="0" fileid="3" xmlns:p8="xsi" />
            </Method>
            <Method cyclomaticComplexity="2" nPathComplexity="2" sequenceCoverage="100" branchCoverage="100" isConstructor="False" isGetter="False" isSetter="False" isStatic="True">
              <Summary numSequencePoints="4" visitedSequencePoints="4" numBranchPoints="2" visitedBranchPoints="2" sequenceCoverage="100" branchCoverage="100" maxCyclomaticComplexity="2" minCyclomaticComplexity="2" visitedClasses="0" numClasses="0" visitedMethods="1" numMethods="1" />
              <MetadataToken />
              <Name>System.Func`2&lt;T,TinyFp.Option`1&lt;System.String&gt;&gt; LogicEngine.CompiledRulesSet`1::GetFirstMatchingFromRules(System.Collections.Generic.List`1&lt;LogicEngine.CompiledRule`1&lt;T&gt;&gt;)</Name>
              <FileRef uid="3" />
              <SequencePoints>
                <SequencePoint vc="135" uspid="46" ordinal="0" sl="46" sc="1" el="46" ec="2" bec="2" bev="2" fileid="3" />
                <SequencePoint vc="17" uspid="47" ordinal="1" sl="47" sc="1" el="47" ec="2" bec="0" bev="0" fileid="3" />
                <SequencePoint vc="135" uspid="48" ordinal="2" sl="48" sc="1" el="48" ec="2" bec="0" bev="0" fileid="3" />
                <SequencePoint vc="144" uspid="49" ordinal="3" sl="49" sc="1" el="49" ec="2" bec="0" bev="0" fileid="3" />
              </SequencePoints>
              <BranchPoints>
                <BranchPoint vc="1" uspid="46" ordinal="0" path="0" offset="50" offsetend="52" sl="46" fileid="3" />
                <BranchPoint vc="11" uspid="46" ordinal="1" path="1" offset="50" offsetend="75" sl="46" fileid="3" />
              </BranchPoints>
              <MethodPoint vc="4" uspid="0" p8:type="SequencePoint" ordinal="6" offset="6" sc="0" sl="46" ec="1" el="49" bec="0" bev="0" fileid="3" xmlns:p8="xsi" />
            </Method>
            <Method cyclomaticComplexity="6" nPathComplexity="6" sequenceCoverage="100" branchCoverage="100" isConstructor="True" isGetter="False" isSetter="False" isStatic="True">
              <Summary numSequencePoints="10" visitedSequencePoints="10" numBranchPoints="6" visitedBranchPoints="6" sequenceCoverage="100" branchCoverage="100" maxCyclomaticComplexity="6" minCyclomaticComplexity="6" visitedClasses="0" numClasses="0" visitedMethods="1" numMethods="1" />
              <MetadataToken />
              <Name>System.Void LogicEngine.CompiledRulesSet`1::.ctor(LogicEngine.CompiledRule`1&lt;T&gt;[],System.String)</Name>
              <FileRef uid="3" />
              <SequencePoints>
                <SequencePoint vc="124" uspid="16" ordinal="0" sl="16" sc="1" el="16" ec="2" bec="0" bev="0" fileid="3" />
                <SequencePoint vc="124" uspid="17" ordinal="1" sl="17" sc="1" el="17" ec="2" bec="0" bev="0" fileid="3" />
                <SequencePoint vc="124" uspid="18" ordinal="2" sl="18" sc="1" el="18" ec="2" bec="0" bev="0" fileid="3" />
                <SequencePoint vc="124" uspid="22" ordinal="3" sl="22" sc="1" el="22" ec="2" bec="0" bev="0" fileid="3" />
                <SequencePoint vc="124" uspid="23" ordinal="4" sl="23" sc="1" el="23" ec="2" bec="6" bev="6" fileid="3" />
                <SequencePoint vc="124" uspid="24" ordinal="5" sl="24" sc="1" el="24" ec="2" bec="0" bev="0" fileid="3" />
                <SequencePoint vc="124" uspid="25" ordinal="6" sl="25" sc="1" el="25" ec="2" bec="0" bev="0" fileid="3" />
                <SequencePoint vc="124" uspid="26" ordinal="7" sl="26" sc="1" el="26" ec="2" bec="0" bev="0" fileid="3" />
                <SequencePoint vc="124" uspid="27" ordinal="8" sl="27" sc="1" el="27" ec="2" bec="0" bev="0" fileid="3" />
                <SequencePoint vc="248" uspid="28" ordinal="9" sl="28" sc="1" el="28" ec="2" bec="0" bev="0" fileid="3" />
              </SequencePoints>
              <BranchPoints>
                <BranchPoint vc="1" uspid="23" ordinal="0" path="0" offset="64" offsetend="66" sl="23" fileid="3" />
                <BranchPoint vc="124" uspid="23" ordinal="1" path="1" offset="64" offsetend="89" sl="23" fileid="3" />
                <BranchPoint vc="1" uspid="23" ordinal="2" path="0" offset="103" offsetend="105" sl="23" fileid="3" />
                <BranchPoint vc="124" uspid="23" ordinal="3" path="1" offset="103" offsetend="128" sl="23" fileid="3" />
                <BranchPoint vc="1" uspid="23" ordinal="4" path="0" offset="142" offsetend="144" sl="23" fileid="3" />
                <BranchPoint vc="124" uspid="23" ordinal="5" path="1" offset="142" offsetend="167" sl="23" fileid="3" />
              </BranchPoints>
              <MethodPoint vc="10" uspid="0" p8:type="SequencePoint" ordinal="7" offset="7" sc="0" sl="16" ec="1" el="28" bec="0" bev="0" fileid="3" xmlns:p8="xsi" />
            </Method>
          </Methods>
        </Class>
        <Class>
          <Summary numSequencePoints="11" visitedSequencePoints="11" numBranchPoints="2" visitedBranchPoints="2" sequenceCoverage="100" branchCoverage="100" maxCyclomaticComplexity="2" minCyclomaticComplexity="1" visitedClasses="1" numClasses="1" visitedMethods="6" numMethods="6" />
          <FullName>LogicEngine.Models.Rule</FullName>
          <Methods>
            <Method cyclomaticComplexity="1" nPathComplexity="1" sequenceCoverage="100" branchCoverage="100" isConstructor="False" isGetter="True" isSetter="False" isStatic="True">
              <Summary numSequencePoints="1" visitedSequencePoints="1" numBranchPoints="0" visitedBranchPoints="0" sequenceCoverage="100" branchCoverage="100" maxCyclomaticComplexity="1" minCyclomaticComplexity="1" visitedClasses="0" numClasses="0" visitedMethods="1" numMethods="1" />
              <MetadataToken />
              <Name>System.String LogicEngine.Models.Rule::get_Property()</Name>
              <FileRef uid="4" />
              <SequencePoints>
                <SequencePoint vc="385" uspid="19" ordinal="0" sl="19" sc="1" el="19" ec="2" bec="0" bev="0" fileid="4" />
              </SequencePoints>
              <BranchPoints />
              <MethodPoint vc="1" uspid="0" p8:type="SequencePoint" ordinal="0" offset="0" sc="0" sl="19" ec="1" el="19" bec="0" bev="0" fileid="4" xmlns:p8="xsi" />
            </Method>
            <Method cyclomaticComplexity="1" nPathComplexity="1" sequenceCoverage="100" branchCoverage="100" isConstructor="False" isGetter="True" isSetter="False" isStatic="True">
              <Summary numSequencePoints="1" visitedSequencePoints="1" numBranchPoints="0" visitedBranchPoints="0" sequenceCoverage="100" branchCoverage="100" maxCyclomaticComplexity="1" minCyclomaticComplexity="1" visitedClasses="0" numClasses="0" visitedMethods="1" numMethods="1" />
              <MetadataToken />
              <Name>LogicEngine.Internals.OperatorType LogicEngine.Models.Rule::get_Operator()</Name>
              <FileRef uid="4" />
              <SequencePoints>
                <SequencePoint vc="386" uspid="21" ordinal="0" sl="21" sc="1" el="21" ec="2" bec="0" bev="0" fileid="4" />
              </SequencePoints>
              <BranchPoints />
              <MethodPoint vc="1" uspid="0" p8:type="SequencePoint" ordinal="1" offset="1" sc="0" sl="21" ec="1" el="21" bec="0" bev="0" fileid="4" xmlns:p8="xsi" />
            </Method>
            <Method cyclomaticComplexity="1" nPathComplexity="1" sequenceCoverage="100" branchCoverage="100" isConstructor="False" isGetter="True" isSetter="False" isStatic="True">
              <Summary numSequencePoints="1" visitedSequencePoints="1" numBranchPoints="0" visitedBranchPoints="0" sequenceCoverage="100" branchCoverage="100" maxCyclomaticComplexity="1" minCyclomaticComplexity="1" visitedClasses="0" numClasses="0" visitedMethods="1" numMethods="1" />
              <MetadataToken />
              <Name>System.String LogicEngine.Models.Rule::get_Value()</Name>
              <FileRef uid="4" />
              <SequencePoints>
                <SequencePoint vc="312" uspid="23" ordinal="0" sl="23" sc="1" el="23" ec="2" bec="0" bev="0" fileid="4" />
              </SequencePoints>
              <BranchPoints />
              <MethodPoint vc="1" uspid="0" p8:type="SequencePoint" ordinal="2" offset="2" sc="0" sl="23" ec="1" el="23" bec="0" bev="0" fileid="4" xmlns:p8="xsi" />
            </Method>
            <Method cyclomaticComplexity="1" nPathComplexity="1" sequenceCoverage="100" branchCoverage="100" isConstructor="False" isGetter="True" isSetter="False" isStatic="True">
              <Summary numSequencePoints="1" visitedSequencePoints="1" numBranchPoints="0" visitedBranchPoints="0" sequenceCoverage="100" branchCoverage="100" maxCyclomaticComplexity="1" minCyclomaticComplexity="1" visitedClasses="0" numClasses="0" visitedMethods="1" numMethods="1" />
              <MetadataToken />
              <Name>System.String LogicEngine.Models.Rule::get_Code()</Name>
              <FileRef uid="4" />
              <SequencePoints>
                <SequencePoint vc="268" uspid="25" ordinal="0" sl="25" sc="1" el="25" ec="2" bec="0" bev="0" fileid="4" />
              </SequencePoints>
              <BranchPoints />
              <MethodPoint vc="1" uspid="0" p8:type="SequencePoint" ordinal="3" offset="3" sc="0" sl="25" ec="1" el="25" bec="0" bev="0" fileid="4" xmlns:p8="xsi" />
            </Method>
            <Method cyclomaticComplexity="1" nPathComplexity="1" sequenceCoverage="100" branchCoverage="100" isConstructor="False" isGetter="False" isSetter="False" isStatic="True">
              <Summary numSequencePoints="1" visitedSequencePoints="1" numBranchPoints="0" visitedBranchPoints="0" sequenceCoverage="100" branchCoverage="100" maxCyclomaticComplexity="1" minCyclomaticComplexity="1" visitedClasses="0" numClasses="0" visitedMethods="1" numMethods="1" />
              <MetadataToken />
              <Name>System.String LogicEngine.Models.Rule::ToString()</Name>
              <FileRef uid="4" />
              <SequencePoints>
                <SequencePoint vc="28" uspid="27" ordinal="0" sl="27" sc="1" el="27" ec="2" bec="0" bev="0" fileid="4" />
              </SequencePoints>
              <BranchPoints />
              <MethodPoint vc="1" uspid="0" p8:type="SequencePoint" ordinal="4" offset="4" sc="0" sl="27" ec="1" el="27" bec="0" bev="0" fileid="4" xmlns:p8="xsi" />
            </Method>
            <Method cyclomaticComplexity="1" nPathComplexity="1" sequenceCoverage="100" branchCoverage="100" isConstructor="True" isGetter="False" isSetter="False" isStatic="True">
              <Summary numSequencePoints="6" visitedSequencePoints="6" numBranchPoints="0" visitedBranchPoints="0" sequenceCoverage="100" branchCoverage="100" maxCyclomaticComplexity="1" minCyclomaticComplexity="1" visitedClasses="0" numClasses="0" visitedMethods="1" numMethods="1" />
              <MetadataToken />
              <Name>System.Void LogicEngine.Models.Rule::.ctor(System.String,LogicEngine.Internals.OperatorType,System.String,System.String)</Name>
              <FileRef uid="4" />
              <SequencePoints>
                <SequencePoint vc="165" uspid="10" ordinal="0" sl="10" sc="1" el="10" ec="2" bec="0" bev="0" fileid="4" />
                <SequencePoint vc="165" uspid="12" ordinal="1" sl="12" sc="1" el="12" ec="2" bec="0" bev="0" fileid="4" />
                <SequencePoint vc="165" uspid="13" ordinal="2" sl="13" sc="1" el="13" ec="2" bec="0" bev="0" fileid="4" />
                <SequencePoint vc="165" uspid="14" ordinal="3" sl="14" sc="1" el="14" ec="2" bec="0" bev="0" fileid="4" />
                <SequencePoint vc="165" uspid="15" ordinal="4" sl="15" sc="1" el="15" ec="2" bec="0" bev="0" fileid="4" />
                <SequencePoint vc="165" uspid="16" ordinal="5" sl="16" sc="1" el="16" ec="2" bec="0" bev="0" fileid="4" />
              </SequencePoints>
              <BranchPoints />
              <MethodPoint vc="6" uspid="0" p8:type="SequencePoint" ordinal="5" offset="5" sc="0" sl="10" ec="1" el="16" bec="0" bev="0" fileid="4" xmlns:p8="xsi" />
            </Method>
          </Methods>
        </Class>
        <Class>
          <Summary numSequencePoints="15" visitedSequencePoints="15" numBranchPoints="2" visitedBranchPoints="2" sequenceCoverage="100" branchCoverage="100" maxCyclomaticComplexity="2" minCyclomaticComplexity="1" visitedClasses="1" numClasses="1" visitedMethods="6" numMethods="6" />
          <FullName>LogicEngine.Models.RulesCatalog</FullName>
          <Methods>
            <Method cyclomaticComplexity="1" nPathComplexity="1" sequenceCoverage="100" branchCoverage="100" isConstructor="False" isGetter="True" isSetter="False" isStatic="True">
              <Summary numSequencePoints="1" visitedSequencePoints="1" numBranchPoints="0" visitedBranchPoints="0" sequenceCoverage="100" branchCoverage="100" maxCyclomaticComplexity="1" minCyclomaticComplexity="1" visitedClasses="0" numClasses="0" visitedMethods="1" numMethods="1" />
              <MetadataToken />
              <Name>System.String LogicEngine.Models.RulesCatalog::get_Name()</Name>
              <FileRef uid="5" />
              <SequencePoints>
                <SequencePoint vc="67" uspid="11" ordinal="0" sl="11" sc="1" el="11" ec="2" bec="0" bev="0" fileid="5" />
              </SequencePoints>
              <BranchPoints />
              <MethodPoint vc="1" uspid="0" p8:type="SequencePoint" ordinal="0" offset="0" sc="0" sl="11" ec="1" el="11" bec="0" bev="0" fileid="5" xmlns:p8="xsi" />
            </Method>
            <Method cyclomaticComplexity="2" nPathComplexity="2" sequenceCoverage="100" branchCoverage="100" isConstructor="False" isGetter="True" isSetter="False" isStatic="True">
              <Summary numSequencePoints="1" visitedSequencePoints="1" numBranchPoints="2" visitedBranchPoints="2" sequenceCoverage="100" branchCoverage="100" maxCyclomaticComplexity="2" minCyclomaticComplexity="2" visitedClasses="0" numClasses="0" visitedMethods="1" numMethods="1" />
              <MetadataToken />
              <Name>System.Collections.Generic.IEnumerable`1&lt;LogicEngine.Models.RulesSet&gt; LogicEngine.Models.RulesCatalog::get_RulesSets()</Name>
              <FileRef uid="5" />
              <SequencePoints>
                <SequencePoint vc="69" uspid="15" ordinal="0" sl="15" sc="1" el="15" ec="2" bec="2" bev="2" fileid="5" />
              </SequencePoints>
              <BranchPoints>
                <BranchPoint vc="13" uspid="15" ordinal="0" path="0" offset="7" offsetend="9" sl="15" fileid="5" />
                <BranchPoint vc="69" uspid="15" ordinal="1" path="1" offset="7" offsetend="15" sl="15" fileid="5" />
              </BranchPoints>
              <MethodPoint vc="1" uspid="0" p8:type="SequencePoint" ordinal="1" offset="1" sc="0" sl="15" ec="1" el="15" bec="0" bev="0" fileid="5" xmlns:p8="xsi" />
            </Method>
            <Method cyclomaticComplexity="1" nPathComplexity="1" sequenceCoverage="100" branchCoverage="100" isConstructor="False" isGetter="False" isSetter="True" isStatic="True">
              <Summary numSequencePoints="1" visitedSequencePoints="1" numBranchPoints="0" visitedBranchPoints="0" sequenceCoverage="100" branchCoverage="100" maxCyclomaticComplexity="1" minCyclomaticComplexity="1" visitedClasses="0" numClasses="0" visitedMethods="1" numMethods="1" />
              <MetadataToken />
              <Name>System.Void modreq(System.Runtime.CompilerServices.IsExternalInit) LogicEngine.Models.RulesCatalog::set_RulesSets(System.Collections.Generic.IEnumerable`1&lt;LogicEngine.Models.RulesSet&gt;)</Name>
              <FileRef uid="5" />
              <SequencePoints>
                <SequencePoint vc="59" uspid="16" ordinal="0" sl="16" sc="1" el="16" ec="2" bec="0" bev="0" fileid="5" />
              </SequencePoints>
              <BranchPoints />
              <MethodPoint vc="1" uspid="0" p8:type="SequencePoint" ordinal="2" offset="2" sc="0" sl="16" ec="1" el="16" bec="0" bev="0" fileid="5" xmlns:p8="xsi" />
            </Method>
            <Method cyclomaticComplexity="1" nPathComplexity="1" sequenceCoverage="100" branchCoverage="100" isConstructor="False" isGetter="False" isSetter="False" isStatic="True">
              <Summary numSequencePoints="1" visitedSequencePoints="1" numBranchPoints="0" visitedBranchPoints="0" sequenceCoverage="100" branchCoverage="100" maxCyclomaticComplexity="1" minCyclomaticComplexity="1" visitedClasses="0" numClasses="0" visitedMethods="1" numMethods="1" />
              <MetadataToken />
              <Name>LogicEngine.Models.RulesCatalog LogicEngine.Models.RulesCatalog::op_Addition(LogicEngine.Models.RulesCatalog,LogicEngine.Models.RulesCatalog)</Name>
              <FileRef uid="5" />
              <SequencePoints>
                <SequencePoint vc="7" uspid="32" ordinal="0" sl="32" sc="1" el="32" ec="2" bec="0" bev="0" fileid="5" />
              </SequencePoints>
              <BranchPoints />
              <MethodPoint vc="1" uspid="0" p8:type="SequencePoint" ordinal="3" offset="3" sc="0" sl="32" ec="1" el="32" bec="0" bev="0" fileid="5" xmlns:p8="xsi" />
            </Method>
            <Method cyclomaticComplexity="1" nPathComplexity="1" sequenceCoverage="100" branchCoverage="100" isConstructor="False" isGetter="False" isSetter="False" isStatic="True">
              <Summary numSequencePoints="7" visitedSequencePoints="7" numBranchPoints="0" visitedBranchPoints="0" sequenceCoverage="100" branchCoverage="100" maxCyclomaticComplexity="1" minCyclomaticComplexity="1" visitedClasses="0" numClasses="0" visitedMethods="1" numMethods="1" />
              <MetadataToken />
              <Name>LogicEngine.Models.RulesCatalog LogicEngine.Models.RulesCatalog::op_Multiply(LogicEngine.Models.RulesCatalog,LogicEngine.Models.RulesCatalog)</Name>
              <FileRef uid="5" />
              <SequencePoints>
                <SequencePoint vc="14" uspid="41" ordinal="0" sl="41" sc="1" el="41" ec="2" bec="0" bev="0" fileid="5" />
                <SequencePoint vc="14" uspid="42" ordinal="1" sl="42" sc="1" el="42" ec="2" bec="0" bev="0" fileid="5" />
                <SequencePoint vc="14" uspid="43" ordinal="2" sl="43" sc="1" el="43" ec="2" bec="0" bev="0" fileid="5" />
                <SequencePoint vc="14" uspid="44" ordinal="3" sl="44" sc="1" el="44" ec="2" bec="0" bev="0" fileid="5" />
                <SequencePoint vc="10" uspid="45" ordinal="4" sl="45" sc="1" el="45" ec="2" bec="0" bev="0" fileid="5" />
                <SequencePoint vc="21" uspid="46" ordinal="5" sl="46" sc="1" el="46" ec="2" bec="0" bev="0" fileid="5" />
                <SequencePoint vc="28" uspid="47" ordinal="6" sl="47" sc="1" el="47" ec="2" bec="0" bev="0" fileid="5" />
              </SequencePoints>
              <BranchPoints />
              <MethodPoint vc="7" uspid="0" p8:type="SequencePoint" ordinal="4" offset="4" sc="0" sl="41" ec="1" el="47" bec="0" bev="0" fileid="5" xmlns:p8="xsi" />
            </Method>
            <Method cyclomaticComplexity="1" nPathComplexity="1" sequenceCoverage="100" branchCoverage="100" isConstructor="True" isGetter="False" isSetter="False" isStatic="True">
              <Summary numSequencePoints="4" visitedSequencePoints="4" numBranchPoints="0" visitedBranchPoints="0" sequenceCoverage="100" branchCoverage="100" maxCyclomaticComplexity="1" minCyclomaticComplexity="1" visitedClasses="0" numClasses="0" visitedMethods="1" numMethods="1" />
              <MetadataToken />
              <Name>System.Void LogicEngine.Models.RulesCatalog::.ctor(System.Collections.Generic.IEnumerable`1&lt;LogicEngine.Models.RulesSet&gt;,System.String)</Name>
              <FileRef uid="5" />
              <SequencePoints>
                <SequencePoint vc="59" uspid="19" ordinal="0" sl="19" sc="1" el="19" ec="2" bec="0" bev="0" fileid="5" />
                <SequencePoint vc="59" uspid="21" ordinal="1" sl="21" sc="1" el="21" ec="2" bec="0" bev="0" fileid="5" />
                <SequencePoint vc="59" uspid="22" ordinal="2" sl="22" sc="1" el="22" ec="2" bec="0" bev="0" fileid="5" />
                <SequencePoint vc="59" uspid="23" ordinal="3" sl="23" sc="1" el="23" ec="2" bec="0" bev="0" fileid="5" />
              </SequencePoints>
              <BranchPoints />
              <MethodPoint vc="4" uspid="0" p8:type="SequencePoint" ordinal="5" offset="5" sc="0" sl="19" ec="1" el="23" bec="0" bev="0" fileid="5" xmlns:p8="xsi" />
            </Method>
          </Methods>
        </Class>
        <Class>
          <Summary numSequencePoints="4" visitedSequencePoints="4" numBranchPoints="2" visitedBranchPoints="2" sequenceCoverage="100" branchCoverage="100" maxCyclomaticComplexity="2" minCyclomaticComplexity="1" visitedClasses="1" numClasses="1" visitedMethods="4" numMethods="4" />
          <FullName>LogicEngine.Models.RulesSet</FullName>
          <Methods>
            <Method cyclomaticComplexity="1" nPathComplexity="1" sequenceCoverage="100" branchCoverage="100" isConstructor="False" isGetter="True" isSetter="False" isStatic="True">
              <Summary numSequencePoints="1" visitedSequencePoints="1" numBranchPoints="0" visitedBranchPoints="0" sequenceCoverage="100" branchCoverage="100" maxCyclomaticComplexity="1" minCyclomaticComplexity="1" visitedClasses="0" numClasses="0" visitedMethods="1" numMethods="1" />
              <MetadataToken />
              <Name>System.String LogicEngine.Models.RulesSet::get_Name()</Name>
              <FileRef uid="6" />
              <SequencePoints>
                <SequencePoint vc="20" uspid="11" ordinal="0" sl="11" sc="1" el="11" ec="2" bec="0" bev="0" fileid="6" />
              </SequencePoints>
              <BranchPoints />
              <MethodPoint vc="1" uspid="0" p8:type="SequencePoint" ordinal="0" offset="0" sc="0" sl="11" ec="1" el="11" bec="0" bev="0" fileid="6" xmlns:p8="xsi" />
            </Method>
            <Method cyclomaticComplexity="2" nPathComplexity="2" sequenceCoverage="100" branchCoverage="100" isConstructor="False" isGetter="True" isSetter="False" isStatic="True">
              <Summary numSequencePoints="1" visitedSequencePoints="1" numBranchPoints="2" visitedBranchPoints="2" sequenceCoverage="100" branchCoverage="100" maxCyclomaticComplexity="2" minCyclomaticComplexity="2" visitedClasses="0" numClasses="0" visitedMethods="1" numMethods="1" />
              <MetadataToken />
              <Name>System.Collections.Generic.IEnumerable`1&lt;LogicEngine.Models.Rule&gt; LogicEngine.Models.RulesSet::get_Rules()</Name>
              <FileRef uid="6" />
              <SequencePoints>
                <SequencePoint vc="23" uspid="15" ordinal="0" sl="15" sc="1" el="15" ec="2" bec="2" bev="2" fileid="6" />
              </SequencePoints>
              <BranchPoints>
                <BranchPoint vc="1" uspid="15" ordinal="0" path="0" offset="7" offsetend="9" sl="15" fileid="6" />
                <BranchPoint vc="23" uspid="15" ordinal="1" path="1" offset="7" offsetend="15" sl="15" fileid="6" />
              </BranchPoints>
              <MethodPoint vc="1" uspid="0" p8:type="SequencePoint" ordinal="1" offset="1" sc="0" sl="15" ec="1" el="15" bec="0" bev="0" fileid="6" xmlns:p8="xsi" />
            </Method>
            <Method cyclomaticComplexity="1" nPathComplexity="1" sequenceCoverage="100" branchCoverage="100" isConstructor="False" isGetter="False" isSetter="False" isStatic="True">
              <Summary numSequencePoints="1" visitedSequencePoints="1" numBranchPoints="0" visitedBranchPoints="0" sequenceCoverage="100" branchCoverage="100" maxCyclomaticComplexity="1" minCyclomaticComplexity="1" visitedClasses="0" numClasses="0" visitedMethods="1" numMethods="1" />
              <MetadataToken />
              <Name>LogicEngine.Models.RulesSet LogicEngine.Models.RulesSet::op_Multiply(LogicEngine.Models.RulesSet,LogicEngine.Models.RulesSet)</Name>
              <FileRef uid="6" />
              <SequencePoints>
                <SequencePoint vc="8" uspid="18" ordinal="0" sl="18" sc="1" el="18" ec="2" bec="0" bev="0" fileid="6" />
              </SequencePoints>
              <BranchPoints />
              <MethodPoint vc="1" uspid="0" p8:type="SequencePoint" ordinal="2" offset="2" sc="0" sl="18" ec="1" el="18" bec="0" bev="0" fileid="6" xmlns:p8="xsi" />
            </Method>
            <Method cyclomaticComplexity="1" nPathComplexity="1" sequenceCoverage="100" branchCoverage="100" isConstructor="True" isGetter="False" isSetter="False" isStatic="True">
              <Summary numSequencePoints="1" visitedSequencePoints="1" numBranchPoints="0" visitedBranchPoints="0" sequenceCoverage="100" branchCoverage="100" maxCyclomaticComplexity="1" minCyclomaticComplexity="1" visitedClasses="0" numClasses="0" visitedMethods="1" numMethods="1" />
              <MetadataToken />
              <Name>System.Void LogicEngine.Models.RulesSet::.ctor(System.Collections.Generic.IEnumerable`1&lt;LogicEngine.Models.Rule&gt;,System.String)</Name>
              <FileRef uid="6" />
              <SequencePoints>
                <SequencePoint vc="82" uspid="12" ordinal="0" sl="12" sc="1" el="12" ec="2" bec="0" bev="0" fileid="6" />
              </SequencePoints>
              <BranchPoints />
              <MethodPoint vc="1" uspid="0" p8:type="SequencePoint" ordinal="3" offset="3" sc="0" sl="12" ec="1" el="12" bec="0" bev="0" fileid="6" xmlns:p8="xsi" />
            </Method>
          </Methods>
        </Class>
        <Class>
          <Summary numSequencePoints="5" visitedSequencePoints="5" numBranchPoints="0" visitedBranchPoints="0" sequenceCoverage="100" branchCoverage="100" maxCyclomaticComplexity="1" minCyclomaticComplexity="1" visitedClasses="1" numClasses="1" visitedMethods="1" numMethods="1" />
          <FullName>LogicEngine.Internals.Constants</FullName>
          <Methods>
            <Method cyclomaticComplexity="1" nPathComplexity="1" sequenceCoverage="100" branchCoverage="100" isConstructor="True" isGetter="False" isSetter="False" isStatic="True">
              <Summary numSequencePoints="5" visitedSequencePoints="5" numBranchPoints="0" visitedBranchPoints="0" sequenceCoverage="100" branchCoverage="100" maxCyclomaticComplexity="1" minCyclomaticComplexity="1" visitedClasses="0" numClasses="0" visitedMethods="1" numMethods="1" />
              <MetadataToken />
              <Name>System.Void LogicEngine.Internals.Constants::.cctor()</Name>
              <FileRef uid="7" />
              <SequencePoints>
                <SequencePoint vc="1" uspid="11" ordinal="0" sl="11" sc="1" el="11" ec="2" bec="0" bev="0" fileid="7" />
                <SequencePoint vc="1" uspid="13" ordinal="1" sl="13" sc="1" el="13" ec="2" bec="0" bev="0" fileid="7" />
                <SequencePoint vc="1" uspid="14" ordinal="2" sl="14" sc="1" el="14" ec="2" bec="0" bev="0" fileid="7" />
                <SequencePoint vc="1" uspid="16" ordinal="3" sl="16" sc="1" el="16" ec="2" bec="0" bev="0" fileid="7" />
                <SequencePoint vc="1" uspid="17" ordinal="4" sl="17" sc="1" el="17" ec="2" bec="0" bev="0" fileid="7" />
              </SequencePoints>
              <BranchPoints />
              <MethodPoint vc="5" uspid="0" p8:type="SequencePoint" ordinal="0" offset="0" sc="0" sl="11" ec="1" el="17" bec="0" bev="0" fileid="7" xmlns:p8="xsi" />
            </Method>
          </Methods>
        </Class>
        <Class>
          <Summary numSequencePoints="183" visitedSequencePoints="183" numBranchPoints="0" visitedBranchPoints="0" sequenceCoverage="100" branchCoverage="100" maxCyclomaticComplexity="1" minCyclomaticComplexity="1" visitedClasses="1" numClasses="1" visitedMethods="1" numMethods="1" />
          <FullName>LogicEngine.Internals.OperationMappings</FullName>
          <Methods>
            <Method cyclomaticComplexity="1" nPathComplexity="1" sequenceCoverage="100" branchCoverage="100" isConstructor="True" isGetter="False" isSetter="False" isStatic="True">
              <Summary numSequencePoints="183" visitedSequencePoints="183" numBranchPoints="0" visitedBranchPoints="0" sequenceCoverage="100" branchCoverage="100" maxCyclomaticComplexity="1" minCyclomaticComplexity="1" visitedClasses="0" numClasses="0" visitedMethods="1" numMethods="1" />
              <MetadataToken />
              <Name>System.Void LogicEngine.Internals.OperationMappings::.cctor()</Name>
              <FileRef uid="8" />
              <SequencePoints>
                <SequencePoint vc="1" uspid="18" ordinal="0" sl="18" sc="1" el="18" ec="2" bec="0" bev="0" fileid="8" />
                <SequencePoint vc="1" uspid="19" ordinal="1" sl="19" sc="1" el="19" ec="2" bec="0" bev="0" fileid="8" />
                <SequencePoint vc="1" uspid="20" ordinal="2" sl="20" sc="1" el="20" ec="2" bec="0" bev="0" fileid="8" />
                <SequencePoint vc="1" uspid="23" ordinal="3" sl="23" sc="1" el="23" ec="2" bec="0" bev="0" fileid="8" />
                <SequencePoint vc="1" uspid="24" ordinal="4" sl="24" sc="1" el="24" ec="2" bec="0" bev="0" fileid="8" />
                <SequencePoint vc="1" uspid="25" ordinal="5" sl="25" sc="1" el="25" ec="2" bec="0" bev="0" fileid="8" />
                <SequencePoint vc="1" uspid="26" ordinal="6" sl="26" sc="1" el="26" ec="2" bec="0" bev="0" fileid="8" />
                <SequencePoint vc="1" uspid="27" ordinal="7" sl="27" sc="1" el="27" ec="2" bec="0" bev="0" fileid="8" />
                <SequencePoint vc="1" uspid="28" ordinal="8" sl="28" sc="1" el="28" ec="2" bec="0" bev="0" fileid="8" />
                <SequencePoint vc="1" uspid="29" ordinal="9" sl="29" sc="1" el="29" ec="2" bec="0" bev="0" fileid="8" />
                <SequencePoint vc="1" uspid="30" ordinal="10" sl="30" sc="1" el="30" ec="2" bec="0" bev="0" fileid="8" />
                <SequencePoint vc="1" uspid="31" ordinal="11" sl="31" sc="1" el="31" ec="2" bec="0" bev="0" fileid="8" />
                <SequencePoint vc="1" uspid="33" ordinal="12" sl="33" sc="1" el="33" ec="2" bec="0" bev="0" fileid="8" />
                <SequencePoint vc="1" uspid="34" ordinal="13" sl="34" sc="1" el="34" ec="2" bec="0" bev="0" fileid="8" />
                <SequencePoint vc="1" uspid="35" ordinal="14" sl="35" sc="1" el="35" ec="2" bec="0" bev="0" fileid="8" />
                <SequencePoint vc="1" uspid="36" ordinal="15" sl="36" sc="1" el="36" ec="2" bec="0" bev="0" fileid="8" />
                <SequencePoint vc="1" uspid="37" ordinal="16" sl="37" sc="1" el="37" ec="2" bec="0" bev="0" fileid="8" />
                <SequencePoint vc="1" uspid="38" ordinal="17" sl="38" sc="1" el="38" ec="2" bec="0" bev="0" fileid="8" />
                <SequencePoint vc="1" uspid="39" ordinal="18" sl="39" sc="1" el="39" ec="2" bec="0" bev="0" fileid="8" />
                <SequencePoint vc="1" uspid="40" ordinal="19" sl="40" sc="1" el="40" ec="2" bec="0" bev="0" fileid="8" />
                <SequencePoint vc="1" uspid="41" ordinal="20" sl="41" sc="1" el="41" ec="2" bec="0" bev="0" fileid="8" />
                <SequencePoint vc="1" uspid="43" ordinal="21" sl="43" sc="1" el="43" ec="2" bec="0" bev="0" fileid="8" />
                <SequencePoint vc="1" uspid="44" ordinal="22" sl="44" sc="1" el="44" ec="2" bec="0" bev="0" fileid="8" />
                <SequencePoint vc="1" uspid="45" ordinal="23" sl="45" sc="1" el="45" ec="2" bec="0" bev="0" fileid="8" />
                <SequencePoint vc="3" uspid="46" ordinal="24" sl="46" sc="1" el="46" ec="2" bec="0" bev="0" fileid="8" />
                <SequencePoint vc="3" uspid="47" ordinal="25" sl="47" sc="1" el="47" ec="2" bec="0" bev="0" fileid="8" />
                <SequencePoint vc="3" uspid="48" ordinal="26" sl="48" sc="1" el="48" ec="2" bec="0" bev="0" fileid="8" />
                <SequencePoint vc="3" uspid="49" ordinal="27" sl="49" sc="1" el="49" ec="2" bec="0" bev="0" fileid="8" />
                <SequencePoint vc="1" uspid="50" ordinal="28" sl="50" sc="1" el="50" ec="2" bec="0" bev="0" fileid="8" />
                <SequencePoint vc="1" uspid="51" ordinal="29" sl="51" sc="1" el="51" ec="2" bec="0" bev="0" fileid="8" />
                <SequencePoint vc="2" uspid="52" ordinal="30" sl="52" sc="1" el="52" ec="2" bec="0" bev="0" fileid="8" />
                <SequencePoint vc="2" uspid="53" ordinal="31" sl="53" sc="1" el="53" ec="2" bec="0" bev="0" fileid="8" />
                <SequencePoint vc="2" uspid="54" ordinal="32" sl="54" sc="1" el="54" ec="2" bec="0" bev="0" fileid="8" />
                <SequencePoint vc="2" uspid="55" ordinal="33" sl="55" sc="1" el="55" ec="2" bec="0" bev="0" fileid="8" />
                <SequencePoint vc="2" uspid="56" ordinal="34" sl="56" sc="1" el="56" ec="2" bec="0" bev="0" fileid="8" />
                <SequencePoint vc="1" uspid="57" ordinal="35" sl="57" sc="1" el="57" ec="2" bec="0" bev="0" fileid="8" />
                <SequencePoint vc="1" uspid="58" ordinal="36" sl="58" sc="1" el="58" ec="2" bec="0" bev="0" fileid="8" />
                <SequencePoint vc="6" uspid="59" ordinal="37" sl="59" sc="1" el="59" ec="2" bec="0" bev="0" fileid="8" />
                <SequencePoint vc="6" uspid="60" ordinal="38" sl="60" sc="1" el="60" ec="2" bec="0" bev="0" fileid="8" />
                <SequencePoint vc="6" uspid="61" ordinal="39" sl="61" sc="1" el="61" ec="2" bec="0" bev="0" fileid="8" />
                <SequencePoint vc="10" uspid="62" ordinal="40" sl="62" sc="1" el="62" ec="2" bec="0" bev="0" fileid="8" />
                <SequencePoint vc="6" uspid="63" ordinal="41" sl="63" sc="1" el="63" ec="2" bec="0" bev="0" fileid="8" />
                <SequencePoint vc="6" uspid="64" ordinal="42" sl="64" sc="1" el="64" ec="2" bec="0" bev="0" fileid="8" />
                <SequencePoint vc="10" uspid="65" ordinal="43" sl="65" sc="1" el="65" ec="2" bec="0" bev="0" fileid="8" />
                <SequencePoint vc="10" uspid="66" ordinal="44" sl="66" sc="1" el="66" ec="2" bec="0" bev="0" fileid="8" />
                <SequencePoint vc="10" uspid="67" ordinal="45" sl="67" sc="1" el="67" ec="2" bec="0" bev="0" fileid="8" />
                <SequencePoint vc="10" uspid="68" ordinal="46" sl="68" sc="1" el="68" ec="2" bec="0" bev="0" fileid="8" />
                <SequencePoint vc="10" uspid="69" ordinal="47" sl="69" sc="1" el="69" ec="2" bec="0" bev="0" fileid="8" />
                <SequencePoint vc="10" uspid="70" ordinal="48" sl="70" sc="1" el="70" ec="2" bec="0" bev="0" fileid="8" />
                <SequencePoint vc="1" uspid="71" ordinal="49" sl="71" sc="1" el="71" ec="2" bec="0" bev="0" fileid="8" />
                <SequencePoint vc="1" uspid="72" ordinal="50" sl="72" sc="1" el="72" ec="2" bec="0" bev="0" fileid="8" />
                <SequencePoint vc="6" uspid="73" ordinal="51" sl="73" sc="1" el="73" ec="2" bec="0" bev="0" fileid="8" />
                <SequencePoint vc="6" uspid="74" ordinal="52" sl="74" sc="1" el="74" ec="2" bec="0" bev="0" fileid="8" />
                <SequencePoint vc="6" uspid="75" ordinal="53" sl="75" sc="1" el="75" ec="2" bec="0" bev="0" fileid="8" />
                <SequencePoint vc="6" uspid="76" ordinal="54" sl="76" sc="1" el="76" ec="2" bec="0" bev="0" fileid="8" />
                <SequencePoint vc="10" uspid="77" ordinal="55" sl="77" sc="1" el="77" ec="2" bec="0" bev="0" fileid="8" />
                <SequencePoint vc="6" uspid="78" ordinal="56" sl="78" sc="1" el="78" ec="2" bec="0" bev="0" fileid="8" />
                <SequencePoint vc="6" uspid="79" ordinal="57" sl="79" sc="1" el="79" ec="2" bec="0" bev="0" fileid="8" />
                <SequencePoint vc="10" uspid="80" ordinal="58" sl="80" sc="1" el="80" ec="2" bec="0" bev="0" fileid="8" />
                <SequencePoint vc="10" uspid="81" ordinal="59" sl="81" sc="1" el="81" ec="2" bec="0" bev="0" fileid="8" />
                <SequencePoint vc="10" uspid="82" ordinal="60" sl="82" sc="1" el="82" ec="2" bec="0" bev="0" fileid="8" />
                <SequencePoint vc="10" uspid="83" ordinal="61" sl="83" sc="1" el="83" ec="2" bec="0" bev="0" fileid="8" />
                <SequencePoint vc="10" uspid="84" ordinal="62" sl="84" sc="1" el="84" ec="2" bec="0" bev="0" fileid="8" />
                <SequencePoint vc="10" uspid="85" ordinal="63" sl="85" sc="1" el="85" ec="2" bec="0" bev="0" fileid="8" />
                <SequencePoint vc="10" uspid="86" ordinal="64" sl="86" sc="1" el="86" ec="2" bec="0" bev="0" fileid="8" />
                <SequencePoint vc="1" uspid="87" ordinal="65" sl="87" sc="1" el="87" ec="2" bec="0" bev="0" fileid="8" />
                <SequencePoint vc="1" uspid="88" ordinal="66" sl="88" sc="1" el="88" ec="2" bec="0" bev="0" fileid="8" />
                <SequencePoint vc="1" uspid="90" ordinal="67" sl="90" sc="1" el="90" ec="2" bec="0" bev="0" fileid="8" />
                <SequencePoint vc="1" uspid="91" ordinal="68" sl="91" sc="1" el="91" ec="2" bec="0" bev="0" fileid="8" />
                <SequencePoint vc="1" uspid="92" ordinal="69" sl="92" sc="1" el="92" ec="2" bec="0" bev="0" fileid="8" />
                <SequencePoint vc="3" uspid="93" ordinal="70" sl="93" sc="1" el="93" ec="2" bec="0" bev="0" fileid="8" />
                <SequencePoint vc="5" uspid="94" ordinal="71" sl="94" sc="1" el="94" ec="2" bec="0" bev="0" fileid="8" />
                <SequencePoint vc="5" uspid="95" ordinal="72" sl="95" sc="1" el="95" ec="2" bec="0" bev="0" fileid="8" />
                <SequencePoint vc="5" uspid="96" ordinal="73" sl="96" sc="1" el="96" ec="2" bec="0" bev="0" fileid="8" />
                <SequencePoint vc="5" uspid="97" ordinal="74" sl="97" sc="1" el="97" ec="2" bec="0" bev="0" fileid="8" />
                <SequencePoint vc="5" uspid="98" ordinal="75" sl="98" sc="1" el="98" ec="2" bec="0" bev="0" fileid="8" />
                <SequencePoint vc="1" uspid="99" ordinal="76" sl="99" sc="1" el="99" ec="2" bec="0" bev="0" fileid="8" />
                <SequencePoint vc="1" uspid="100" ordinal="77" sl="100" sc="1" el="100" ec="2" bec="0" bev="0" fileid="8" />
                <SequencePoint vc="3" uspid="101" ordinal="78" sl="101" sc="1" el="101" ec="2" bec="0" bev="0" fileid="8" />
                <SequencePoint vc="5" uspid="102" ordinal="79" sl="102" sc="1" el="102" ec="2" bec="0" bev="0" fileid="8" />
                <SequencePoint vc="5" uspid="103" ordinal="80" sl="103" sc="1" el="103" ec="2" bec="0" bev="0" fileid="8" />
                <SequencePoint vc="5" uspid="104" ordinal="81" sl="104" sc="1" el="104" ec="2" bec="0" bev="0" fileid="8" />
                <SequencePoint vc="5" uspid="105" ordinal="82" sl="105" sc="1" el="105" ec="2" bec="0" bev="0" fileid="8" />
                <SequencePoint vc="5" uspid="106" ordinal="83" sl="106" sc="1" el="106" ec="2" bec="0" bev="0" fileid="8" />
                <SequencePoint vc="5" uspid="107" ordinal="84" sl="107" sc="1" el="107" ec="2" bec="0" bev="0" fileid="8" />
                <SequencePoint vc="1" uspid="108" ordinal="85" sl="108" sc="1" el="108" ec="2" bec="0" bev="0" fileid="8" />
                <SequencePoint vc="1" uspid="109" ordinal="86" sl="109" sc="1" el="109" ec="2" bec="0" bev="0" fileid="8" />
                <SequencePoint vc="3" uspid="110" ordinal="87" sl="110" sc="1" el="110" ec="2" bec="0" bev="0" fileid="8" />
                <SequencePoint vc="5" uspid="111" ordinal="88" sl="111" sc="1" el="111" ec="2" bec="0" bev="0" fileid="8" />
                <SequencePoint vc="5" uspid="112" ordinal="89" sl="112" sc="1" el="112" ec="2" bec="0" bev="0" fileid="8" />
                <SequencePoint vc="5" uspid="113" ordinal="90" sl="113" sc="1" el="113" ec="2" bec="0" bev="0" fileid="8" />
                <SequencePoint vc="5" uspid="114" ordinal="91" sl="114" sc="1" el="114" ec="2" bec="0" bev="0" fileid="8" />
                <SequencePoint vc="5" uspid="115" ordinal="92" sl="115" sc="1" el="115" ec="2" bec="0" bev="0" fileid="8" />
                <SequencePoint vc="1" uspid="116" ordinal="93" sl="116" sc="1" el="116" ec="2" bec="0" bev="0" fileid="8" />
                <SequencePoint vc="1" uspid="117" ordinal="94" sl="117" sc="1" el="117" ec="2" bec="0" bev="0" fileid="8" />
                <SequencePoint vc="3" uspid="118" ordinal="95" sl="118" sc="1" el="118" ec="2" bec="0" bev="0" fileid="8" />
                <SequencePoint vc="5" uspid="119" ordinal="96" sl="119" sc="1" el="119" ec="2" bec="0" bev="0" fileid="8" />
                <SequencePoint vc="5" uspid="120" ordinal="97" sl="120" sc="1" el="120" ec="2" bec="0" bev="0" fileid="8" />
                <SequencePoint vc="5" uspid="121" ordinal="98" sl="121" sc="1" el="121" ec="2" bec="0" bev="0" fileid="8" />
                <SequencePoint vc="5" uspid="122" ordinal="99" sl="122" sc="1" el="122" ec="2" bec="0" bev="0" fileid="8" />
                <SequencePoint vc="5" uspid="123" ordinal="100" sl="123" sc="1" el="123" ec="2" bec="0" bev="0" fileid="8" />
                <SequencePoint vc="5" uspid="124" ordinal="101" sl="124" sc="1" el="124" ec="2" bec="0" bev="0" fileid="8" />
                <SequencePoint vc="1" uspid="125" ordinal="102" sl="125" sc="1" el="125" ec="2" bec="0" bev="0" fileid="8" />
                <SequencePoint vc="1" uspid="126" ordinal="103" sl="126" sc="1" el="126" ec="2" bec="0" bev="0" fileid="8" />
                <SequencePoint vc="1" uspid="127" ordinal="104" sl="127" sc="1" el="127" ec="2" bec="0" bev="0" fileid="8" />
                <SequencePoint vc="3" uspid="128" ordinal="105" sl="128" sc="1" el="128" ec="2" bec="0" bev="0" fileid="8" />
                <SequencePoint vc="3" uspid="129" ordinal="106" sl="129" sc="1" el="129" ec="2" bec="0" bev="0" fileid="8" />
                <SequencePoint vc="3" uspid="130" ordinal="107" sl="130" sc="1" el="130" ec="2" bec="0" bev="0" fileid="8" />
                <SequencePoint vc="8" uspid="131" ordinal="108" sl="131" sc="1" el="131" ec="2" bec="0" bev="0" fileid="8" />
                <SequencePoint vc="3" uspid="132" ordinal="109" sl="132" sc="1" el="132" ec="2" bec="0" bev="0" fileid="8" />
                <SequencePoint vc="2" uspid="133" ordinal="110" sl="133" sc="1" el="133" ec="2" bec="0" bev="0" fileid="8" />
                <SequencePoint vc="2" uspid="134" ordinal="111" sl="134" sc="1" el="134" ec="2" bec="0" bev="0" fileid="8" />
                <SequencePoint vc="2" uspid="135" ordinal="112" sl="135" sc="1" el="135" ec="2" bec="0" bev="0" fileid="8" />
                <SequencePoint vc="2" uspid="136" ordinal="113" sl="136" sc="1" el="136" ec="2" bec="0" bev="0" fileid="8" />
                <SequencePoint vc="2" uspid="137" ordinal="114" sl="137" sc="1" el="137" ec="2" bec="0" bev="0" fileid="8" />
                <SequencePoint vc="2" uspid="138" ordinal="115" sl="138" sc="1" el="138" ec="2" bec="0" bev="0" fileid="8" />
                <SequencePoint vc="2" uspid="139" ordinal="116" sl="139" sc="1" el="139" ec="2" bec="0" bev="0" fileid="8" />
                <SequencePoint vc="5" uspid="140" ordinal="117" sl="140" sc="1" el="140" ec="2" bec="0" bev="0" fileid="8" />
                <SequencePoint vc="1" uspid="141" ordinal="118" sl="141" sc="1" el="141" ec="2" bec="0" bev="0" fileid="8" />
                <SequencePoint vc="1" uspid="142" ordinal="119" sl="142" sc="1" el="142" ec="2" bec="0" bev="0" fileid="8" />
                <SequencePoint vc="1" uspid="143" ordinal="120" sl="143" sc="1" el="143" ec="2" bec="0" bev="0" fileid="8" />
                <SequencePoint vc="3" uspid="144" ordinal="121" sl="144" sc="1" el="144" ec="2" bec="0" bev="0" fileid="8" />
                <SequencePoint vc="3" uspid="145" ordinal="122" sl="145" sc="1" el="145" ec="2" bec="0" bev="0" fileid="8" />
                <SequencePoint vc="3" uspid="146" ordinal="123" sl="146" sc="1" el="146" ec="2" bec="0" bev="0" fileid="8" />
                <SequencePoint vc="8" uspid="147" ordinal="124" sl="147" sc="1" el="147" ec="2" bec="0" bev="0" fileid="8" />
                <SequencePoint vc="3" uspid="148" ordinal="125" sl="148" sc="1" el="148" ec="2" bec="0" bev="0" fileid="8" />
                <SequencePoint vc="2" uspid="149" ordinal="126" sl="149" sc="1" el="149" ec="2" bec="0" bev="0" fileid="8" />
                <SequencePoint vc="2" uspid="150" ordinal="127" sl="150" sc="1" el="150" ec="2" bec="0" bev="0" fileid="8" />
                <SequencePoint vc="2" uspid="151" ordinal="128" sl="151" sc="1" el="151" ec="2" bec="0" bev="0" fileid="8" />
                <SequencePoint vc="2" uspid="152" ordinal="129" sl="152" sc="1" el="152" ec="2" bec="0" bev="0" fileid="8" />
                <SequencePoint vc="2" uspid="153" ordinal="130" sl="153" sc="1" el="153" ec="2" bec="0" bev="0" fileid="8" />
                <SequencePoint vc="2" uspid="154" ordinal="131" sl="154" sc="1" el="154" ec="2" bec="0" bev="0" fileid="8" />
                <SequencePoint vc="5" uspid="155" ordinal="132" sl="155" sc="1" el="155" ec="2" bec="0" bev="0" fileid="8" />
                <SequencePoint vc="1" uspid="156" ordinal="133" sl="156" sc="1" el="156" ec="2" bec="0" bev="0" fileid="8" />
                <SequencePoint vc="1" uspid="157" ordinal="134" sl="157" sc="1" el="157" ec="2" bec="0" bev="0" fileid="8" />
                <SequencePoint vc="1" uspid="158" ordinal="135" sl="158" sc="1" el="158" ec="2" bec="0" bev="0" fileid="8" />
                <SequencePoint vc="1" uspid="160" ordinal="136" sl="160" sc="1" el="160" ec="2" bec="0" bev="0" fileid="8" />
                <SequencePoint vc="1" uspid="161" ordinal="137" sl="161" sc="1" el="161" ec="2" bec="0" bev="0" fileid="8" />
                <SequencePoint vc="1" uspid="162" ordinal="138" sl="162" sc="1" el="162" ec="2" bec="0" bev="0" fileid="8" />
                <SequencePoint vc="1" uspid="163" ordinal="139" sl="163" sc="1" el="163" ec="2" bec="0" bev="0" fileid="8" />
                <SequencePoint vc="2" uspid="164" ordinal="140" sl="164" sc="1" el="164" ec="2" bec="0" bev="0" fileid="8" />
                <SequencePoint vc="2" uspid="165" ordinal="141" sl="165" sc="1" el="165" ec="2" bec="0" bev="0" fileid="8" />
                <SequencePoint vc="2" uspid="166" ordinal="142" sl="166" sc="1" el="166" ec="2" bec="0" bev="0" fileid="8" />
                <SequencePoint vc="1" uspid="167" ordinal="143" sl="167" sc="1" el="167" ec="2" bec="0" bev="0" fileid="8" />
                <SequencePoint vc="1" uspid="168" ordinal="144" sl="168" sc="1" el="168" ec="2" bec="0" bev="0" fileid="8" />
                <SequencePoint vc="1" uspid="169" ordinal="145" sl="169" sc="1" el="169" ec="2" bec="0" bev="0" fileid="8" />
                <SequencePoint vc="2" uspid="170" ordinal="146" sl="170" sc="1" el="170" ec="2" bec="0" bev="0" fileid="8" />
                <SequencePoint vc="2" uspid="171" ordinal="147" sl="171" sc="1" el="171" ec="2" bec="0" bev="0" fileid="8" />
                <SequencePoint vc="2" uspid="172" ordinal="148" sl="172" sc="1" el="172" ec="2" bec="0" bev="0" fileid="8" />
                <SequencePoint vc="2" uspid="173" ordinal="149" sl="173" sc="1" el="173" ec="2" bec="0" bev="0" fileid="8" />
                <SequencePoint vc="1" uspid="174" ordinal="150" sl="174" sc="1" el="174" ec="2" bec="0" bev="0" fileid="8" />
                <SequencePoint vc="1" uspid="175" ordinal="151" sl="175" sc="1" el="175" ec="2" bec="0" bev="0" fileid="8" />
                <SequencePoint vc="1" uspid="177" ordinal="152" sl="177" sc="1" el="177" ec="2" bec="0" bev="0" fileid="8" />
                <SequencePoint vc="1" uspid="178" ordinal="153" sl="178" sc="1" el="178" ec="2" bec="0" bev="0" fileid="8" />
                <SequencePoint vc="3" uspid="179" ordinal="154" sl="179" sc="1" el="179" ec="2" bec="0" bev="0" fileid="8" />
                <SequencePoint vc="3" uspid="180" ordinal="155" sl="180" sc="1" el="180" ec="2" bec="0" bev="0" fileid="8" />
                <SequencePoint vc="1" uspid="181" ordinal="156" sl="181" sc="1" el="181" ec="2" bec="0" bev="0" fileid="8" />
                <SequencePoint vc="1" uspid="183" ordinal="157" sl="183" sc="1" el="183" ec="2" bec="0" bev="0" fileid="8" />
                <SequencePoint vc="1" uspid="184" ordinal="158" sl="184" sc="1" el="184" ec="2" bec="0" bev="0" fileid="8" />
                <SequencePoint vc="3" uspid="185" ordinal="159" sl="185" sc="1" el="185" ec="2" bec="0" bev="0" fileid="8" />
                <SequencePoint vc="3" uspid="186" ordinal="160" sl="186" sc="1" el="186" ec="2" bec="0" bev="0" fileid="8" />
                <SequencePoint vc="3" uspid="187" ordinal="161" sl="187" sc="1" el="187" ec="2" bec="0" bev="0" fileid="8" />
                <SequencePoint vc="3" uspid="188" ordinal="162" sl="188" sc="1" el="188" ec="2" bec="0" bev="0" fileid="8" />
                <SequencePoint vc="3" uspid="189" ordinal="163" sl="189" sc="1" el="189" ec="2" bec="0" bev="0" fileid="8" />
                <SequencePoint vc="3" uspid="190" ordinal="164" sl="190" sc="1" el="190" ec="2" bec="0" bev="0" fileid="8" />
                <SequencePoint vc="3" uspid="191" ordinal="165" sl="191" sc="1" el="191" ec="2" bec="0" bev="0" fileid="8" />
                <SequencePoint vc="3" uspid="192" ordinal="166" sl="192" sc="1" el="192" ec="2" bec="0" bev="0" fileid="8" />
                <SequencePoint vc="3" uspid="193" ordinal="167" sl="193" sc="1" el="193" ec="2" bec="0" bev="0" fileid="8" />
                <SequencePoint vc="3" uspid="194" ordinal="168" sl="194" sc="1" el="194" ec="2" bec="0" bev="0" fileid="8" />
                <SequencePoint vc="3" uspid="195" ordinal="169" sl="195" sc="1" el="195" ec="2" bec="0" bev="0" fileid="8" />
                <SequencePoint vc="1" uspid="196" ordinal="170" sl="196" sc="1" el="196" ec="2" bec="0" bev="0" fileid="8" />
                <SequencePoint vc="3" uspid="197" ordinal="171" sl="197" sc="1" el="197" ec="2" bec="0" bev="0" fileid="8" />
                <SequencePoint vc="3" uspid="198" ordinal="172" sl="198" sc="1" el="198" ec="2" bec="0" bev="0" fileid="8" />
[...]
              </BranchPoints>
              <MethodPoint vc="9" uspid="0" p8:type="SequencePoint" ordinal="6" offset="6" sc="0" sl="74" ec="1" el="82" bec="0" bev="0" fileid="12" xmlns:p8="xsi" />
            </Method>
            <Method cyclomaticComplexity="12" nPathComplexity="12" sequenceCoverage="100" branchCoverage="100" isConstructor="False" isGetter="False" isSetter="False" isStatic="True">
              <Summary numSequencePoints="11" visitedSequencePoints="11" numBranchPoints="12" visitedBranchPoints="12" sequenceCoverage="100" branchCoverage="100" maxCyclomaticComplexity="12" minCyclomaticComplexity="12" visitedClasses="0" numClasses="0" visitedMethods="1" numMethods="1" />
              <MetadataToken />
              <Name>TinyFp.Option`1&lt;System.ValueTuple`3&lt;System.Linq.Expressions.BinaryExpression,System.Linq.Expressions.ParameterExpression,System.String&gt;&gt; LogicEngine.Compilers.RuleCompiler::CompileInternalCrossEnumerableRule(LogicEngine.Models.Rule)</Name>
              <FileRef uid="12" />
              <SequencePoints>
                <SequencePoint vc="20" uspid="85" ordinal="0" sl="85" sc="1" el="85" ec="2" bec="10" bev="10" fileid="12" />
                <SequencePoint vc="10" uspid="86" ordinal="1" sl="86" sc="1" el="86" ec="2" bec="0" bev="0" fileid="12" />
                <SequencePoint vc="8" uspid="87" ordinal="2" sl="87" sc="1" el="87" ec="2" bec="0" bev="0" fileid="12" />
                <SequencePoint vc="8" uspid="88" ordinal="3" sl="88" sc="1" el="88" ec="2" bec="0" bev="0" fileid="12" />
                <SequencePoint vc="8" uspid="89" ordinal="4" sl="89" sc="1" el="89" ec="2" bec="0" bev="0" fileid="12" />
                <SequencePoint vc="6" uspid="90" ordinal="5" sl="90" sc="1" el="90" ec="2" bec="2" bev="2" fileid="12" />
                <SequencePoint vc="6" uspid="91" ordinal="6" sl="91" sc="1" el="91" ec="2" bec="0" bev="0" fileid="12" />
                <SequencePoint vc="16" uspid="92" ordinal="7" sl="92" sc="1" el="92" ec="2" bec="0" bev="0" fileid="12" />
                <SequencePoint vc="16" uspid="93" ordinal="8" sl="93" sc="1" el="93" ec="2" bec="0" bev="0" fileid="12" />
                <SequencePoint vc="16" uspid="94" ordinal="9" sl="94" sc="1" el="94" ec="2" bec="0" bev="0" fileid="12" />
                <SequencePoint vc="10" uspid="95" ordinal="10" sl="95" sc="1" el="95" ec="2" bec="0" bev="0" fileid="12" />
              </SequencePoints>
              <BranchPoints>
                <BranchPoint vc="1" uspid="85" ordinal="0" path="0" offset="34" offsetend="36" sl="85" fileid="12" />
                <BranchPoint vc="20" uspid="85" ordinal="1" path="1" offset="34" offsetend="55" sl="85" fileid="12" />
                <BranchPoint vc="4" uspid="90" ordinal="0" path="0" offset="47" offsetend="49" sl="90" fileid="12" />
                <BranchPoint vc="2" uspid="90" ordinal="1" path="1" offset="47" offsetend="64" sl="90" fileid="12" />
                <BranchPoint vc="1" uspid="85" ordinal="2" path="0" offset="68" offsetend="70" sl="85" fileid="12" />
                <BranchPoint vc="8" uspid="85" ordinal="3" path="1" offset="68" offsetend="93" sl="85" fileid="12" />
                <BranchPoint vc="1" uspid="85" ordinal="4" path="0" offset="104" offsetend="106" sl="85" fileid="12" />
                <BranchPoint vc="8" uspid="85" ordinal="5" path="1" offset="104" offsetend="129" sl="85" fileid="12" />
                <BranchPoint vc="1" uspid="85" ordinal="6" path="0" offset="143" offsetend="145" sl="85" fileid="12" />
                <BranchPoint vc="8" uspid="85" ordinal="7" path="1" offset="143" offsetend="168" sl="85" fileid="12" />
                <BranchPoint vc="1" uspid="85" ordinal="8" path="0" offset="182" offsetend="184" sl="85" fileid="12" />
                <BranchPoint vc="8" uspid="85" ordinal="9" path="1" offset="182" offsetend="207" sl="85" fileid="12" />
              </BranchPoints>
              <MethodPoint vc="11" uspid="0" p8:type="SequencePoint" ordinal="7" offset="7" sc="0" sl="85" ec="1" el="95" bec="0" bev="0" fileid="12" xmlns:p8="xsi" />
            </Method>
            <Method cyclomaticComplexity="6" nPathComplexity="6" sequenceCoverage="100" branchCoverage="100" isConstructor="False" isGetter="False" isSetter="False" isStatic="True">
              <Summary numSequencePoints="8" visitedSequencePoints="8" numBranchPoints="6" visitedBranchPoints="6" sequenceCoverage="100" branchCoverage="100" maxCyclomaticComplexity="6" minCyclomaticComplexity="6" visitedClasses="0" numClasses="0" visitedMethods="1" numMethods="1" />
              <MetadataToken />
              <Name>TinyFp.Option`1&lt;System.ValueTuple`3&lt;System.Linq.Expressions.BinaryExpression,System.Linq.Expressions.ParameterExpression,System.String&gt;&gt; LogicEngine.Compilers.RuleCompiler::CompileInverseEnumerableRule(LogicEngine.Models.Rule)</Name>
              <FileRef uid="12" />
              <SequencePoints>
                <SequencePoint vc="12" uspid="98" ordinal="0" sl="98" sc="1" el="98" ec="2" bec="4" bev="4" fileid="12" />
                <SequencePoint vc="6" uspid="99" ordinal="1" sl="99" sc="1" el="99" ec="2" bec="0" bev="0" fileid="12" />
                <SequencePoint vc="6" uspid="100" ordinal="2" sl="100" sc="1" el="100" ec="2" bec="0" bev="0" fileid="12" />
                <SequencePoint vc="10" uspid="101" ordinal="3" sl="101" sc="1" el="101" ec="2" bec="2" bev="2" fileid="12" />
                <SequencePoint vc="10" uspid="102" ordinal="4" sl="102" sc="1" el="102" ec="2" bec="0" bev="0" fileid="12" />
                <SequencePoint vc="6" uspid="103" ordinal="5" sl="103" sc="1" el="103" ec="2" bec="0" bev="0" fileid="12" />
                <SequencePoint vc="10" uspid="104" ordinal="6" sl="104" sc="1" el="104" ec="2" bec="0" bev="0" fileid="12" />
                <SequencePoint vc="6" uspid="105" ordinal="7" sl="105" sc="1" el="105" ec="2" bec="0" bev="0" fileid="12" />
              </SequencePoints>
              <BranchPoints>
                <BranchPoint vc="1" uspid="98" ordinal="0" path="0" offset="34" offsetend="36" sl="98" fileid="12" />
                <BranchPoint vc="12" uspid="98" ordinal="1" path="1" offset="34" offsetend="55" sl="98" fileid="12" />
                <BranchPoint vc="1" uspid="101" ordinal="0" path="0" offset="125" offsetend="127" sl="101" fileid="12" />
                <BranchPoint vc="4" uspid="101" ordinal="1" path="1" offset="125" offsetend="146" sl="101" fileid="12" />
                <BranchPoint vc="1" uspid="98" ordinal="2" path="0" offset="48" offsetend="50" sl="98" fileid="12" />
                <BranchPoint vc="4" uspid="98" ordinal="3" path="1" offset="48" offsetend="73" sl="98" fileid="12" />
              </BranchPoints>
              <MethodPoint vc="8" uspid="0" p8:type="SequencePoint" ordinal="8" offset="8" sc="0" sl="98" ec="1" el="105" bec="0" bev="0" fileid="12" xmlns:p8="xsi" />
            </Method>
            <Method cyclomaticComplexity="6" nPathComplexity="6" sequenceCoverage="100" branchCoverage="100" isConstructor="False" isGetter="False" isSetter="False" isStatic="True">
              <Summary numSequencePoints="8" visitedSequencePoints="8" numBranchPoints="6" visitedBranchPoints="6" sequenceCoverage="100" branchCoverage="100" maxCyclomaticComplexity="6" minCyclomaticComplexity="6" visitedClasses="0" numClasses="0" visitedMethods="1" numMethods="1" />
              <MetadataToken />
              <Name>TinyFp.Option`1&lt;System.ValueTuple`3&lt;System.Linq.Expressions.BinaryExpression,System.Linq.Expressions.ParameterExpression,System.String&gt;&gt; LogicEngine.Compilers.RuleCompiler::CompileExternalKeyValueRule(LogicEngine.Models.Rule)</Name>
              <FileRef uid="12" />
              <SequencePoints>
                <SequencePoint vc="18" uspid="108" ordinal="0" sl="108" sc="1" el="108" ec="2" bec="2" bev="2" fileid="12" />
                <SequencePoint vc="18" uspid="109" ordinal="1" sl="109" sc="1" el="109" ec="2" bec="4" bev="4" fileid="12" />
                <SequencePoint vc="18" uspid="110" ordinal="2" sl="110" sc="1" el="110" ec="2" bec="0" bev="0" fileid="12" />
                <SequencePoint vc="36" uspid="111" ordinal="3" sl="111" sc="1" el="111" ec="2" bec="0" bev="0" fileid="12" />
                <SequencePoint vc="36" uspid="112" ordinal="4" sl="112" sc="1" el="112" ec="2" bec="0" bev="0" fileid="12" />
                <SequencePoint vc="36" uspid="113" ordinal="5" sl="113" sc="1" el="113" ec="2" bec="0" bev="0" fileid="12" />
                <SequencePoint vc="18" uspid="114" ordinal="6" sl="114" sc="1" el="114" ec="2" bec="0" bev="0" fileid="12" />
                <SequencePoint vc="36" uspid="115" ordinal="7" sl="115" sc="1" el="115" ec="2" bec="0" bev="0" fileid="12" />
              </SequencePoints>
              <BranchPoints>
                <BranchPoint vc="1" uspid="108" ordinal="0" path="0" offset="34" offsetend="36" sl="108" fileid="12" />
                <BranchPoint vc="18" uspid="108" ordinal="1" path="1" offset="34" offsetend="59" sl="108" fileid="12" />
                <BranchPoint vc="1" uspid="109" ordinal="0" path="0" offset="27" offsetend="29" sl="109" fileid="12" />
                <BranchPoint vc="18" uspid="109" ordinal="1" path="1" offset="27" offsetend="52" sl="109" fileid="12" />
                <BranchPoint vc="1" uspid="109" ordinal="2" path="0" offset="63" offsetend="65" sl="109" fileid="12" />
                <BranchPoint vc="18" uspid="109" ordinal="3" path="1" offset="63" offsetend="88" sl="109" fileid="12" />
              </BranchPoints>
              <MethodPoint vc="8" uspid="0" p8:type="SequencePoint" ordinal="9" offset="9" sc="0" sl="108" ec="1" el="115" bec="0" bev="0" fileid="12" xmlns:p8="xsi" />
            </Method>
            <Method cyclomaticComplexity="1" nPathComplexity="1" sequenceCoverage="100" branchCoverage="100" isConstructor="False" isGetter="False" isSetter="False" isStatic="True">
              <Summary numSequencePoints="1" visitedSequencePoints="1" numBranchPoints="0" visitedBranchPoints="0" sequenceCoverage="100" branchCoverage="100" maxCyclomaticComplexity="1" minCyclomaticComplexity="1" visitedClasses="0" numClasses="0" visitedMethods="1" numMethods="1" />
              <MetadataToken />
              <Name>TinyFp.Option`1&lt;System.ValueTuple`3&lt;System.Linq.Expressions.BinaryExpression,System.Linq.Expressions.ParameterExpression,System.String&gt;&gt; LogicEngine.Compilers.RuleCompiler::GetOption(TinyFp.Try`1&lt;System.ValueTuple`3&lt;System.Linq.Expressions.BinaryExpression,System.Linq.Expressions.ParameterExpression,System.String&gt;&gt;)</Name>
              <FileRef uid="12" />
              <SequencePoints>
                <SequencePoint vc="130" uspid="118" ordinal="0" sl="118" sc="1" el="118" ec="2" bec="0" bev="0" fileid="12" />
              </SequencePoints>
              <BranchPoints />
              <MethodPoint vc="1" uspid="0" p8:type="SequencePoint" ordinal="10" offset="10" sc="0" sl="118" ec="1" el="118" bec="0" bev="0" fileid="12" xmlns:p8="xsi" />
            </Method>
            <Method cyclomaticComplexity="1" nPathComplexity="1" sequenceCoverage="100" branchCoverage="100" isConstructor="False" isGetter="False" isSetter="False" isStatic="True">
              <Summary numSequencePoints="1" visitedSequencePoints="1" numBranchPoints="0" visitedBranchPoints="0" sequenceCoverage="100" branchCoverage="100" maxCyclomaticComplexity="1" minCyclomaticComplexity="1" visitedClasses="0" numClasses="0" visitedMethods="1" numMethods="1" />
              <MetadataToken />
              <Name>TinyFp.Option`1&lt;System.ValueTuple`3&lt;System.Linq.Expressions.BinaryExpression,System.Linq.Expressions.ParameterExpression,System.String&gt;&gt; LogicEngine.Compilers.RuleCompiler::GetOption(TinyFp.Try`1&lt;TinyFp.Option`1&lt;System.ValueTuple`3&lt;System.Linq.Expressions.BinaryExpression,System.Linq.Expressions.ParameterExpression,System.String&gt;&gt;&gt;)</Name>
              <FileRef uid="12" />
              <SequencePoints>
                <SequencePoint vc="56" uspid="121" ordinal="0" sl="121" sc="1" el="121" ec="2" bec="0" bev="0" fileid="12" />
              </SequencePoints>
              <BranchPoints />
              <MethodPoint vc="1" uspid="0" p8:type="SequencePoint" ordinal="11" offset="11" sc="0" sl="121" ec="1" el="121" bec="0" bev="0" fileid="12" xmlns:p8="xsi" />
            </Method>
          </Methods>
        </Class>
        <Class>
          <Summary numSequencePoints="8" visitedSequencePoints="8" numBranchPoints="4" visitedBranchPoints="4" sequenceCoverage="100" branchCoverage="100" maxCyclomaticComplexity="4" minCyclomaticComplexity="1" visitedClasses="1" numClasses="1" visitedMethods="2" numMethods="2" />
          <FullName>LogicEngine.Compilers.RulesCatalogCompiler</FullName>
          <Methods>
            <Method cyclomaticComplexity="4" nPathComplexity="4" sequenceCoverage="100" branchCoverage="100" isConstructor="False" isGetter="False" isSetter="False" isStatic="True">
              <Summary numSequencePoints="7" visitedSequencePoints="7" numBranchPoints="4" visitedBranchPoints="4" sequenceCoverage="100" branchCoverage="100" maxCyclomaticComplexity="4" minCyclomaticComplexity="4" visitedClasses="0" numClasses="0" visitedMethods="1" numMethods="1" />
              <MetadataToken />
              <Name>TinyFp.Option`1&lt;LogicEngine.CompiledCatalog`1&lt;T&gt;&gt; LogicEngine.Compilers.RulesCatalogCompiler::Compile(LogicEngine.Models.RulesCatalog)</Name>
              <FileRef uid="13" />
              <SequencePoints>
                <SequencePoint vc="6" uspid="16" ordinal="0" sl="16" sc="1" el="16" ec="2" bec="4" bev="4" fileid="13" />
                <SequencePoint vc="6" uspid="17" ordinal="1" sl="17" sc="1" el="17" ec="2" bec="0" bev="0" fileid="13" />
                <SequencePoint vc="6" uspid="18" ordinal="2" sl="18" sc="1" el="18" ec="2" bec="0" bev="0" fileid="13" />
                <SequencePoint vc="6" uspid="19" ordinal="3" sl="19" sc="1" el="19" ec="2" bec="0" bev="0" fileid="13" />
                <SequencePoint vc="6" uspid="20" ordinal="4" sl="20" sc="1" el="20" ec="2" bec="0" bev="0" fileid="13" />
                <SequencePoint vc="6" uspid="21" ordinal="5" sl="21" sc="1" el="21" ec="2" bec="0" bev="0" fileid="13" />
                <SequencePoint vc="10" uspid="22" ordinal="6" sl="22" sc="1" el="22" ec="2" bec="0" bev="0" fileid="13" />
              </SequencePoints>
              <BranchPoints>
                <BranchPoint vc="1" uspid="16" ordinal="0" path="0" offset="30" offsetend="32" sl="16" fileid="13" />
                <BranchPoint vc="6" uspid="16" ordinal="1" path="1" offset="30" offsetend="55" sl="16" fileid="13" />
                <BranchPoint vc="1" uspid="16" ordinal="2" path="0" offset="99" offsetend="101" sl="16" fileid="13" />
                <BranchPoint vc="6" uspid="16" ordinal="3" path="1" offset="99" offsetend="124" sl="16" fileid="13" />
              </BranchPoints>
              <MethodPoint vc="7" uspid="0" p8:type="SequencePoint" ordinal="0" offset="0" sc="0" sl="16" ec="1" el="22" bec="0" bev="0" fileid="13" xmlns:p8="xsi" />
            </Method>
            <Method cyclomaticComplexity="1" nPathComplexity="1" sequenceCoverage="100" branchCoverage="100" isConstructor="True" isGetter="False" isSetter="False" isStatic="True">
              <Summary numSequencePoints="1" visitedSequencePoints="1" numBranchPoints="0" visitedBranchPoints="0" sequenceCoverage="100" branchCoverage="100" maxCyclomaticComplexity="1" minCyclomaticComplexity="1" visitedClasses="0" numClasses="0" visitedMethods="1" numMethods="1" />
              <MetadataToken />
              <Name>System.Void LogicEngine.Compilers.RulesCatalogCompiler::.ctor(LogicEngine.Interfaces.Compilers.IRulesSetCompiler)</Name>
              <FileRef uid="13" />
              <SequencePoints>
                <SequencePoint vc="12" uspid="13" ordinal="0" sl="13" sc="1" el="13" ec="2" bec="0" bev="0" fileid="13" />
              </SequencePoints>
              <BranchPoints />
              <MethodPoint vc="1" uspid="0" p8:type="SequencePoint" ordinal="1" offset="1" sc="0" sl="13" ec="1" el="13" bec="0" bev="0" fileid="13" xmlns:p8="xsi" />
            </Method>
          </Methods>
        </Class>
        <Class>
          <Summary numSequencePoints="7" visitedSequencePoints="7" numBranchPoints="2" visitedBranchPoints="2" sequenceCoverage="100" branchCoverage="100" maxCyclomaticComplexity="2" minCyclomaticComplexity="1" visitedClasses="1" numClasses="1" visitedMethods="2" numMethods="2" />
          <FullName>LogicEngine.Compilers.RulesSetCompiler</FullName>
          <Methods>
            <Method cyclomaticComplexity="2" nPathComplexity="2" sequenceCoverage="100" branchCoverage="100" isConstructor="False" isGetter="False" isSetter="False" isStatic="True">
              <Summary numSequencePoints="6" visitedSequencePoints="6" numBranchPoints="2" visitedBranchPoints="2" sequenceCoverage="100" branchCoverage="100" maxCyclomaticComplexity="2" minCyclomaticComplexity="2" visitedClasses="0" numClasses="0" visitedMethods="1" numMethods="1" />
              <MetadataToken />
              <Name>TinyFp.Option`1&lt;LogicEngine.CompiledRulesSet`1&lt;T&gt;&gt; LogicEngine.Compilers.RulesSetCompiler::Compile(LogicEngine.Models.RulesSet)</Name>
              <FileRef uid="14" />
              <SequencePoints>
                <SequencePoint vc="6" uspid="16" ordinal="0" sl="16" sc="1" el="16" ec="2" bec="2" bev="2" fileid="14" />
                <SequencePoint vc="6" uspid="17" ordinal="1" sl="17" sc="1" el="17" ec="2" bec="0" bev="0" fileid="14" />
                <SequencePoint vc="6" uspid="18" ordinal="2" sl="18" sc="1" el="18" ec="2" bec="0" bev="0" fileid="14" />
                <SequencePoint vc="6" uspid="19" ordinal="3" sl="19" sc="1" el="19" ec="2" bec="0" bev="0" fileid="14" />
                <SequencePoint vc="6" uspid="20" ordinal="4" sl="20" sc="1" el="20" ec="2" bec="0" bev="0" fileid="14" />
                <SequencePoint vc="9" uspid="21" ordinal="5" sl="21" sc="1" el="21" ec="2" bec="0" bev="0" fileid="14" />
              </SequencePoints>
              <BranchPoints>
                <BranchPoint vc="1" uspid="16" ordinal="0" path="0" offset="58" offsetend="60" sl="16" fileid="14" />
                <BranchPoint vc="6" uspid="16" ordinal="1" path="1" offset="58" offsetend="83" sl="16" fileid="14" />
              </BranchPoints>
              <MethodPoint vc="6" uspid="0" p8:type="SequencePoint" ordinal="0" offset="0" sc="0" sl="16" ec="1" el="21" bec="0" bev="0" fileid="14" xmlns:p8="xsi" />
            </Method>
            <Method cyclomaticComplexity="1" nPathComplexity="1" sequenceCoverage="100" branchCoverage="100" isConstructor="True" isGetter="False" isSetter="False" isStatic="True">
              <Summary numSequencePoints="1" visitedSequencePoints="1" numBranchPoints="0" visitedBranchPoints="0" sequenceCoverage="100" branchCoverage="100" maxCyclomaticComplexity="1" minCyclomaticComplexity="1" visitedClasses="0" numClasses="0" visitedMethods="1" numMethods="1" />
              <MetadataToken />
              <Name>System.Void LogicEngine.Compilers.RulesSetCompiler::.ctor(LogicEngine.Interfaces.Compilers.IRuleCompiler)</Name>
              <FileRef uid="14" />
              <SequencePoints>
                <SequencePoint vc="12" uspid="13" ordinal="0" sl="13" sc="1" el="13" ec="2" bec="0" bev="0" fileid="14" />
              </SequencePoints>
              <BranchPoints />
              <MethodPoint vc="1" uspid="0" p8:type="SequencePoint" ordinal="1" offset="1" sc="0" sl="13" ec="1" el="13" bec="0" bev="0" fileid="14" xmlns:p8="xsi" />
            </Method>
          </Methods>
        </Class>
      </Classes>
    </Module>
  </Modules>
</CoverageSession>